{"/Users/elvisibarra/Documents/GauntletAI/spendsense/composables/usePersonas.ts": {"path":"/Users/elvisibarra/Documents/GauntletAI/spendsense/composables/usePersonas.ts","statementMap":{"0":{"start":{"line":1,"column":27},"end":{"line":30,"column":null}},"1":{"start":{"line":2,"column":24},"end":{"line":13,"column":null}},"2":{"start":{"line":3,"column":4},"end":{"line":12,"column":null}},"3":{"start":{"line":4,"column":23},"end":{"line":7,"column":null}},"4":{"start":{"line":8,"column":6},"end":{"line":8,"column":null}},"5":{"start":{"line":10,"column":6},"end":{"line":10,"column":null}},"6":{"start":{"line":11,"column":6},"end":{"line":11,"column":null}},"7":{"start":{"line":15,"column":21},"end":{"line":24,"column":null}},"8":{"start":{"line":16,"column":4},"end":{"line":23,"column":null}},"9":{"start":{"line":19,"column":6},"end":{"line":19,"column":null}},"10":{"start":{"line":21,"column":6},"end":{"line":21,"column":null}},"11":{"start":{"line":22,"column":6},"end":{"line":22,"column":null}},"12":{"start":{"line":26,"column":2},"end":{"line":29,"column":null}}},"fnMap":{"0":{"name":"(anonymous_0)","decl":{"start":{"line":1,"column":27},"end":{"line":1,"column":33}},"loc":{"start":{"line":1,"column":33},"end":{"line":30,"column":null}},"line":1},"1":{"name":"(anonymous_1)","decl":{"start":{"line":2,"column":24},"end":{"line":2,"column":31}},"loc":{"start":{"line":2,"column":50},"end":{"line":13,"column":null}},"line":2},"2":{"name":"(anonymous_2)","decl":{"start":{"line":15,"column":21},"end":{"line":15,"column":28}},"loc":{"start":{"line":15,"column":47},"end":{"line":24,"column":null}},"line":15}},"branchMap":{},"s":{"0":0,"1":0,"2":0,"3":0,"4":0,"5":0,"6":0,"7":0,"8":0,"9":0,"10":0,"11":0,"12":0},"f":{"0":0,"1":0,"2":0},"b":{},"meta":{"lastBranch":0,"lastFunction":3,"lastStatement":13,"seen":{"s:1:27:30:Infinity":0,"f:1:27:1:33":0,"s:2:24:13:Infinity":1,"f:2:24:2:31":1,"s:3:4:12:Infinity":2,"s:4:23:7:Infinity":3,"s:8:6:8:Infinity":4,"s:10:6:10:Infinity":5,"s:11:6:11:Infinity":6,"s:15:21:24:Infinity":7,"f:15:21:15:28":2,"s:16:4:23:Infinity":8,"s:19:6:19:Infinity":9,"s:21:6:21:Infinity":10,"s:22:6:22:Infinity":11,"s:26:2:29:Infinity":12}}}
,"/Users/elvisibarra/Documents/GauntletAI/spendsense/composables/useRecommendations.ts": {"path":"/Users/elvisibarra/Documents/GauntletAI/spendsense/composables/useRecommendations.ts","statementMap":{"0":{"start":{"line":1,"column":34},"end":{"line":18,"column":null}},"1":{"start":{"line":2,"column":31},"end":{"line":13,"column":null}},"2":{"start":{"line":3,"column":4},"end":{"line":12,"column":null}},"3":{"start":{"line":4,"column":23},"end":{"line":7,"column":null}},"4":{"start":{"line":8,"column":6},"end":{"line":8,"column":null}},"5":{"start":{"line":10,"column":6},"end":{"line":10,"column":null}},"6":{"start":{"line":11,"column":6},"end":{"line":11,"column":null}},"7":{"start":{"line":15,"column":2},"end":{"line":17,"column":null}}},"fnMap":{"0":{"name":"(anonymous_0)","decl":{"start":{"line":1,"column":34},"end":{"line":1,"column":40}},"loc":{"start":{"line":1,"column":40},"end":{"line":18,"column":null}},"line":1},"1":{"name":"(anonymous_1)","decl":{"start":{"line":2,"column":31},"end":{"line":2,"column":38}},"loc":{"start":{"line":2,"column":57},"end":{"line":13,"column":null}},"line":2}},"branchMap":{},"s":{"0":0,"1":0,"2":0,"3":0,"4":0,"5":0,"6":0,"7":0},"f":{"0":0,"1":0},"b":{},"meta":{"lastBranch":0,"lastFunction":2,"lastStatement":8,"seen":{"s:1:34:18:Infinity":0,"f:1:34:1:40":0,"s:2:31:13:Infinity":1,"f:2:31:2:38":1,"s:3:4:12:Infinity":2,"s:4:23:7:Infinity":3,"s:8:6:8:Infinity":4,"s:10:6:10:Infinity":5,"s:11:6:11:Infinity":6,"s:15:2:17:Infinity":7}}}
,"/Users/elvisibarra/Documents/GauntletAI/spendsense/composables/useSignals.ts": {"path":"/Users/elvisibarra/Documents/GauntletAI/spendsense/composables/useSignals.ts","statementMap":{"0":{"start":{"line":1,"column":26},"end":{"line":15,"column":null}},"1":{"start":{"line":2,"column":23},"end":{"line":10,"column":null}},"2":{"start":{"line":3,"column":4},"end":{"line":9,"column":null}},"3":{"start":{"line":4,"column":23},"end":{"line":4,"column":null}},"4":{"start":{"line":5,"column":6},"end":{"line":5,"column":null}},"5":{"start":{"line":7,"column":6},"end":{"line":7,"column":null}},"6":{"start":{"line":8,"column":6},"end":{"line":8,"column":null}},"7":{"start":{"line":12,"column":2},"end":{"line":14,"column":null}}},"fnMap":{"0":{"name":"(anonymous_0)","decl":{"start":{"line":1,"column":26},"end":{"line":1,"column":32}},"loc":{"start":{"line":1,"column":32},"end":{"line":15,"column":null}},"line":1},"1":{"name":"(anonymous_1)","decl":{"start":{"line":2,"column":23},"end":{"line":2,"column":30}},"loc":{"start":{"line":2,"column":49},"end":{"line":10,"column":null}},"line":2}},"branchMap":{},"s":{"0":0,"1":0,"2":0,"3":0,"4":0,"5":0,"6":0,"7":0},"f":{"0":0,"1":0},"b":{},"meta":{"lastBranch":0,"lastFunction":2,"lastStatement":8,"seen":{"s:1:26:15:Infinity":0,"f:1:26:1:32":0,"s:2:23:10:Infinity":1,"f:2:23:2:30":1,"s:3:4:9:Infinity":2,"s:4:23:4:Infinity":3,"s:5:6:5:Infinity":4,"s:7:6:7:Infinity":5,"s:8:6:8:Infinity":6,"s:12:2:14:Infinity":7}}}
,"/Users/elvisibarra/Documents/GauntletAI/spendsense/server/api/consent.post.ts": {"path":"/Users/elvisibarra/Documents/GauntletAI/spendsense/server/api/consent.post.ts","statementMap":{"0":{"start":{"line":4,"column":2},"end":{"line":70,"column":null}},"1":{"start":{"line":5,"column":17},"end":{"line":5,"column":null}},"2":{"start":{"line":6,"column":19},"end":{"line":6,"column":null}},"3":{"start":{"line":7,"column":26},"end":{"line":7,"column":null}},"4":{"start":{"line":9,"column":4},"end":{"line":14,"column":null}},"5":{"start":{"line":10,"column":6},"end":{"line":13,"column":null}},"6":{"start":{"line":16,"column":24},"end":{"line":16,"column":null}},"7":{"start":{"line":17,"column":24},"end":{"line":17,"column":null}},"8":{"start":{"line":18,"column":10},"end":{"line":18,"column":null}},"9":{"start":{"line":20,"column":4},"end":{"line":62,"column":null}},"10":{"start":{"line":22,"column":24},"end":{"line":31,"column":null}},"11":{"start":{"line":33,"column":6},"end":{"line":33,"column":null}},"12":{"start":{"line":33,"column":17},"end":{"line":33,"column":null}},"13":{"start":{"line":36,"column":6},"end":{"line":39,"column":null}},"14":{"start":{"line":42,"column":24},"end":{"line":50,"column":null}},"15":{"start":{"line":52,"column":6},"end":{"line":52,"column":null}},"16":{"start":{"line":52,"column":17},"end":{"line":52,"column":null}},"17":{"start":{"line":55,"column":6},"end":{"line":58,"column":null}},"18":{"start":{"line":64,"column":4},"end":{"line":64,"column":null}},"19":{"start":{"line":66,"column":4},"end":{"line":69,"column":null}}},"fnMap":{"0":{"name":"(anonymous_0)","decl":{"start":{"line":3,"column":34},"end":{"line":3,"column":41}},"loc":{"start":{"line":3,"column":51},"end":{"line":71,"column":1}},"line":3}},"branchMap":{"0":{"loc":{"start":{"line":9,"column":4},"end":{"line":14,"column":null}},"type":"if","locations":[{"start":{"line":9,"column":4},"end":{"line":14,"column":null}},{"start":{},"end":{}}],"line":9},"1":{"loc":{"start":{"line":9,"column":8},"end":{"line":9,"column":55}},"type":"binary-expr","locations":[{"start":{"line":9,"column":8},"end":{"line":9,"column":19}},{"start":{"line":9,"column":19},"end":{"line":9,"column":55}}],"line":9},"2":{"loc":{"start":{"line":16,"column":24},"end":{"line":16,"column":null}},"type":"binary-expr","locations":[{"start":{"line":16,"column":24},"end":{"line":16,"column":52}},{"start":{"line":16,"column":52},"end":{"line":16,"column":null}}],"line":16},"3":{"loc":{"start":{"line":17,"column":24},"end":{"line":17,"column":null}},"type":"binary-expr","locations":[{"start":{"line":17,"column":24},"end":{"line":17,"column":57}},{"start":{"line":17,"column":57},"end":{"line":17,"column":null}}],"line":17},"4":{"loc":{"start":{"line":20,"column":4},"end":{"line":62,"column":null}},"type":"if","locations":[{"start":{"line":20,"column":4},"end":{"line":62,"column":null}},{"start":{"line":40,"column":11},"end":{"line":62,"column":null}}],"line":20},"5":{"loc":{"start":{"line":33,"column":6},"end":{"line":33,"column":null}},"type":"if","locations":[{"start":{"line":33,"column":6},"end":{"line":33,"column":null}},{"start":{},"end":{}}],"line":33},"6":{"loc":{"start":{"line":52,"column":6},"end":{"line":52,"column":null}},"type":"if","locations":[{"start":{"line":52,"column":6},"end":{"line":52,"column":null}},{"start":{},"end":{}}],"line":52}},"s":{"0":0,"1":0,"2":0,"3":0,"4":0,"5":0,"6":0,"7":0,"8":0,"9":0,"10":0,"11":0,"12":0,"13":0,"14":0,"15":0,"16":0,"17":0,"18":0,"19":0},"f":{"0":0},"b":{"0":[0,0],"1":[0,0],"2":[0,0],"3":[0,0],"4":[0,0],"5":[0,0],"6":[0,0]},"meta":{"lastBranch":7,"lastFunction":1,"lastStatement":20,"seen":{"f:3:34:3:41":0,"s:4:2:70:Infinity":0,"s:5:17:5:Infinity":1,"s:6:19:6:Infinity":2,"s:7:26:7:Infinity":3,"b:9:4:14:Infinity:undefined:undefined:undefined:undefined":0,"s:9:4:14:Infinity":4,"b:9:8:9:19:9:19:9:55":1,"s:10:6:13:Infinity":5,"s:16:24:16:Infinity":6,"b:16:24:16:52:16:52:16:Infinity":2,"s:17:24:17:Infinity":7,"b:17:24:17:57:17:57:17:Infinity":3,"s:18:10:18:Infinity":8,"b:20:4:62:Infinity:40:11:62:Infinity":4,"s:20:4:62:Infinity":9,"s:22:24:31:Infinity":10,"b:33:6:33:Infinity:undefined:undefined:undefined:undefined":5,"s:33:6:33:Infinity":11,"s:33:17:33:Infinity":12,"s:36:6:39:Infinity":13,"s:42:24:50:Infinity":14,"b:52:6:52:Infinity:undefined:undefined:undefined:undefined":6,"s:52:6:52:Infinity":15,"s:52:17:52:Infinity":16,"s:55:6:58:Infinity":17,"s:64:4:64:Infinity":18,"s:66:4:69:Infinity":19}}}
,"/Users/elvisibarra/Documents/GauntletAI/spendsense/server/api/feedback.post.ts": {"path":"/Users/elvisibarra/Documents/GauntletAI/spendsense/server/api/feedback.post.ts","statementMap":{"0":{"start":{"line":4,"column":2},"end":{"line":38,"column":null}},"1":{"start":{"line":5,"column":17},"end":{"line":5,"column":null}},"2":{"start":{"line":6,"column":19},"end":{"line":6,"column":null}},"3":{"start":{"line":7,"column":23},"end":{"line":7,"column":null}},"4":{"start":{"line":8,"column":25},"end":{"line":8,"column":null}},"5":{"start":{"line":10,"column":4},"end":{"line":15,"column":null}},"6":{"start":{"line":11,"column":6},"end":{"line":14,"column":null}},"7":{"start":{"line":17,"column":24},"end":{"line":17,"column":null}},"8":{"start":{"line":18,"column":24},"end":{"line":18,"column":null}},"9":{"start":{"line":19,"column":10},"end":{"line":19,"column":null}},"10":{"start":{"line":22,"column":22},"end":{"line":28,"column":null}},"11":{"start":{"line":30,"column":4},"end":{"line":30,"column":null}},"12":{"start":{"line":30,"column":15},"end":{"line":30,"column":null}},"13":{"start":{"line":32,"column":4},"end":{"line":32,"column":null}},"14":{"start":{"line":34,"column":4},"end":{"line":37,"column":null}}},"fnMap":{"0":{"name":"(anonymous_0)","decl":{"start":{"line":3,"column":34},"end":{"line":3,"column":41}},"loc":{"start":{"line":3,"column":51},"end":{"line":39,"column":1}},"line":3}},"branchMap":{"0":{"loc":{"start":{"line":8,"column":25},"end":{"line":8,"column":null}},"type":"binary-expr","locations":[{"start":{"line":8,"column":25},"end":{"line":8,"column":47}},{"start":{"line":8,"column":47},"end":{"line":8,"column":null}}],"line":8},"1":{"loc":{"start":{"line":10,"column":4},"end":{"line":15,"column":null}},"type":"if","locations":[{"start":{"line":10,"column":4},"end":{"line":15,"column":null}},{"start":{},"end":{}}],"line":10},"2":{"loc":{"start":{"line":10,"column":8},"end":{"line":10,"column":32}},"type":"binary-expr","locations":[{"start":{"line":10,"column":8},"end":{"line":10,"column":19}},{"start":{"line":10,"column":19},"end":{"line":10,"column":32}}],"line":10},"3":{"loc":{"start":{"line":17,"column":24},"end":{"line":17,"column":null}},"type":"binary-expr","locations":[{"start":{"line":17,"column":24},"end":{"line":17,"column":52}},{"start":{"line":17,"column":52},"end":{"line":17,"column":null}}],"line":17},"4":{"loc":{"start":{"line":18,"column":24},"end":{"line":18,"column":null}},"type":"binary-expr","locations":[{"start":{"line":18,"column":24},"end":{"line":18,"column":57}},{"start":{"line":18,"column":57},"end":{"line":18,"column":null}}],"line":18},"5":{"loc":{"start":{"line":30,"column":4},"end":{"line":30,"column":null}},"type":"if","locations":[{"start":{"line":30,"column":4},"end":{"line":30,"column":null}},{"start":{},"end":{}}],"line":30}},"s":{"0":0,"1":0,"2":0,"3":0,"4":0,"5":0,"6":0,"7":0,"8":0,"9":0,"10":0,"11":0,"12":0,"13":0,"14":0},"f":{"0":0},"b":{"0":[0,0],"1":[0,0],"2":[0,0],"3":[0,0],"4":[0,0],"5":[0,0]},"meta":{"lastBranch":6,"lastFunction":1,"lastStatement":15,"seen":{"f:3:34:3:41":0,"s:4:2:38:Infinity":0,"s:5:17:5:Infinity":1,"s:6:19:6:Infinity":2,"s:7:23:7:Infinity":3,"s:8:25:8:Infinity":4,"b:8:25:8:47:8:47:8:Infinity":0,"b:10:4:15:Infinity:undefined:undefined:undefined:undefined":1,"s:10:4:15:Infinity":5,"b:10:8:10:19:10:19:10:32":2,"s:11:6:14:Infinity":6,"s:17:24:17:Infinity":7,"b:17:24:17:52:17:52:17:Infinity":3,"s:18:24:18:Infinity":8,"b:18:24:18:57:18:57:18:Infinity":4,"s:19:10:19:Infinity":9,"s:22:22:28:Infinity":10,"b:30:4:30:Infinity:undefined:undefined:undefined:undefined":5,"s:30:4:30:Infinity":11,"s:30:15:30:Infinity":12,"s:32:4:32:Infinity":13,"s:34:4:37:Infinity":14}}}
,"/Users/elvisibarra/Documents/GauntletAI/spendsense/server/api/ingest.post.ts": {"path":"/Users/elvisibarra/Documents/GauntletAI/spendsense/server/api/ingest.post.ts","statementMap":{"0":{"start":{"line":6,"column":16},"end":{"line":6,"column":null}},"1":{"start":{"line":6,"column":51},"end":{"line":6,"column":62}},"2":{"start":{"line":7,"column":2},"end":{"line":9,"column":null}},"3":{"start":{"line":8,"column":4},"end":{"line":8,"column":null}},"4":{"start":{"line":11,"column":18},"end":{"line":11,"column":null}},"5":{"start":{"line":11,"column":47},"end":{"line":11,"column":69}},"6":{"start":{"line":15,"column":18},"end":{"line":15,"column":null}},"7":{"start":{"line":17,"column":2},"end":{"line":74,"column":null}},"8":{"start":{"line":17,"column":15},"end":{"line":17,"column":18}},"9":{"start":{"line":18,"column":19},"end":{"line":18,"column":null}},"10":{"start":{"line":18,"column":48},"end":{"line":18,"column":56}},"11":{"start":{"line":19,"column":40},"end":{"line":19,"column":null}},"12":{"start":{"line":20,"column":4},"end":{"line":22,"column":null}},"13":{"start":{"line":21,"column":6},"end":{"line":21,"column":null}},"14":{"start":{"line":24,"column":19},"end":{"line":24,"column":null}},"15":{"start":{"line":25,"column":21},"end":{"line":25,"column":null}},"16":{"start":{"line":27,"column":4},"end":{"line":41,"column":null}},"17":{"start":{"line":28,"column":6},"end":{"line":40,"column":null}},"18":{"start":{"line":43,"column":17},"end":{"line":43,"column":null}},"19":{"start":{"line":46,"column":24},"end":{"line":46,"column":null}},"20":{"start":{"line":47,"column":18},"end":{"line":47,"column":null}},"21":{"start":{"line":47,"column":49},"end":{"line":47,"column":71}},"22":{"start":{"line":48,"column":4},"end":{"line":60,"column":null}},"23":{"start":{"line":49,"column":6},"end":{"line":58,"column":null}},"24":{"start":{"line":59,"column":6},"end":{"line":59,"column":null}},"25":{"start":{"line":63,"column":4},"end":{"line":73,"column":null}},"26":{"start":{"line":64,"column":6},"end":{"line":72,"column":null}},"27":{"start":{"line":76,"column":2},"end":{"line":76,"column":null}},"28":{"start":{"line":80,"column":2},"end":{"line":393,"column":null}},"29":{"start":{"line":81,"column":24},"end":{"line":81,"column":null}},"30":{"start":{"line":82,"column":24},"end":{"line":82,"column":null}},"31":{"start":{"line":84,"column":4},"end":{"line":89,"column":null}},"32":{"start":{"line":85,"column":6},"end":{"line":88,"column":null}},"33":{"start":{"line":91,"column":10},"end":{"line":91,"column":null}},"34":{"start":{"line":94,"column":23},"end":{"line":94,"column":null}},"35":{"start":{"line":95,"column":35},"end":{"line":95,"column":null}},"36":{"start":{"line":96,"column":4},"end":{"line":106,"column":null}},"37":{"start":{"line":98,"column":37},"end":{"line":102,"column":null}},"38":{"start":{"line":103,"column":6},"end":{"line":105,"column":null}},"39":{"start":{"line":104,"column":8},"end":{"line":104,"column":null}},"40":{"start":{"line":109,"column":24},"end":{"line":109,"column":null}},"41":{"start":{"line":111,"column":40},"end":{"line":111,"column":null}},"42":{"start":{"line":112,"column":34},"end":{"line":112,"column":null}},"43":{"start":{"line":115,"column":18},"end":{"line":115,"column":null}},"44":{"start":{"line":116,"column":19},"end":{"line":116,"column":null}},"45":{"start":{"line":118,"column":4},"end":{"line":206,"column":null}},"46":{"start":{"line":120,"column":23},"end":{"line":120,"column":null}},"47":{"start":{"line":121,"column":23},"end":{"line":121,"column":null}},"48":{"start":{"line":121,"column":46},"end":{"line":121,"column":66}},"49":{"start":{"line":123,"column":6},"end":{"line":128,"column":null}},"50":{"start":{"line":124,"column":8},"end":{"line":127,"column":null}},"51":{"start":{"line":130,"column":6},"end":{"line":130,"column":null}},"52":{"start":{"line":133,"column":23},"end":{"line":135,"column":null}},"53":{"start":{"line":137,"column":55},"end":{"line":142,"column":null}},"54":{"start":{"line":144,"column":6},"end":{"line":149,"column":null}},"55":{"start":{"line":145,"column":8},"end":{"line":145,"column":null}},"56":{"start":{"line":148,"column":8},"end":{"line":148,"column":null}},"57":{"start":{"line":152,"column":22},"end":{"line":152,"column":null}},"58":{"start":{"line":153,"column":6},"end":{"line":153,"column":null}},"59":{"start":{"line":156,"column":19},"end":{"line":156,"column":null}},"60":{"start":{"line":159,"column":6},"end":{"line":176,"column":null}},"61":{"start":{"line":160,"column":8},"end":{"line":160,"column":null}},"62":{"start":{"line":161,"column":25},"end":{"line":163,"column":null}},"63":{"start":{"line":165,"column":27},"end":{"line":165,"column":null}},"64":{"start":{"line":166,"column":57},"end":{"line":171,"column":null}},"65":{"start":{"line":173,"column":8},"end":{"line":175,"column":null}},"66":{"start":{"line":174,"column":10},"end":{"line":174,"column":null}},"67":{"start":{"line":178,"column":6},"end":{"line":187,"column":null}},"68":{"start":{"line":179,"column":8},"end":{"line":179,"column":null}},"69":{"start":{"line":180,"column":6},"end":{"line":187,"column":null}},"70":{"start":{"line":181,"column":8},"end":{"line":181,"column":null}},"71":{"start":{"line":183,"column":8},"end":{"line":186,"column":null}},"72":{"start":{"line":190,"column":6},"end":{"line":205,"column":null}},"73":{"start":{"line":191,"column":8},"end":{"line":191,"column":null}},"74":{"start":{"line":192,"column":25},"end":{"line":192,"column":null}},"75":{"start":{"line":193,"column":27},"end":{"line":193,"column":null}},"76":{"start":{"line":195,"column":57},"end":{"line":200,"column":null}},"77":{"start":{"line":202,"column":8},"end":{"line":204,"column":null}},"78":{"start":{"line":203,"column":10},"end":{"line":203,"column":null}},"79":{"start":{"line":209,"column":4},"end":{"line":214,"column":null}},"80":{"start":{"line":210,"column":6},"end":{"line":213,"column":null}},"81":{"start":{"line":216,"column":20},"end":{"line":222,"column":null}},"82":{"start":{"line":225,"column":22},"end":{"line":225,"column":null}},"83":{"start":{"line":226,"column":4},"end":{"line":378,"column":null}},"84":{"start":{"line":226,"column":17},"end":{"line":226,"column":20}},"85":{"start":{"line":227,"column":20},"end":{"line":227,"column":null}},"86":{"start":{"line":229,"column":6},"end":{"line":377,"column":null}},"87":{"start":{"line":230,"column":8},"end":{"line":376,"column":null}},"88":{"start":{"line":232,"column":10},"end":{"line":235,"column":null}},"89":{"start":{"line":233,"column":12},"end":{"line":233,"column":null}},"90":{"start":{"line":234,"column":12},"end":{"line":234,"column":null}},"91":{"start":{"line":238,"column":51},"end":{"line":249,"column":null}},"92":{"start":{"line":251,"column":10},"end":{"line":254,"column":null}},"93":{"start":{"line":252,"column":12},"end":{"line":252,"column":null}},"94":{"start":{"line":253,"column":12},"end":{"line":253,"column":null}},"95":{"start":{"line":256,"column":10},"end":{"line":256,"column":null}},"96":{"start":{"line":259,"column":10},"end":{"line":281,"column":null}},"97":{"start":{"line":260,"column":37},"end":{"line":268,"column":null}},"98":{"start":{"line":260,"column":71},"end":{"line":268,"column":14}},"99":{"start":{"line":270,"column":45},"end":{"line":274,"column":null}},"100":{"start":{"line":276,"column":12},"end":{"line":280,"column":null}},"101":{"start":{"line":277,"column":14},"end":{"line":277,"column":null}},"102":{"start":{"line":279,"column":14},"end":{"line":279,"column":null}},"103":{"start":{"line":284,"column":10},"end":{"line":348,"column":null}},"104":{"start":{"line":285,"column":43},"end":{"line":288,"column":null}},"105":{"start":{"line":290,"column":12},"end":{"line":347,"column":null}},"106":{"start":{"line":292,"column":33},"end":{"line":292,"column":null}},"107":{"start":{"line":293,"column":14},"end":{"line":295,"column":null}},"108":{"start":{"line":294,"column":16},"end":{"line":294,"column":null}},"109":{"start":{"line":298,"column":43},"end":{"line":298,"column":null}},"110":{"start":{"line":299,"column":14},"end":{"line":329,"column":null}},"111":{"start":{"line":301,"column":16},"end":{"line":303,"column":null}},"112":{"start":{"line":302,"column":18},"end":{"line":302,"column":null}},"113":{"start":{"line":306,"column":36},"end":{"line":306,"column":null}},"114":{"start":{"line":307,"column":16},"end":{"line":309,"column":null}},"115":{"start":{"line":308,"column":18},"end":{"line":308,"column":null}},"116":{"start":{"line":312,"column":32},"end":{"line":312,"column":null}},"117":{"start":{"line":313,"column":36},"end":{"line":313,"column":null}},"118":{"start":{"line":314,"column":16},"end":{"line":314,"column":null}},"119":{"start":{"line":316,"column":16},"end":{"line":318,"column":null}},"120":{"start":{"line":317,"column":18},"end":{"line":317,"column":null}},"121":{"start":{"line":320,"column":16},"end":{"line":328,"column":null}},"122":{"start":{"line":331,"column":14},"end":{"line":346,"column":null}},"123":{"start":{"line":333,"column":37},"end":{"line":333,"column":null}},"124":{"start":{"line":334,"column":16},"end":{"line":345,"column":null}},"125":{"start":{"line":334,"column":29},"end":{"line":334,"column":32}},"126":{"start":{"line":335,"column":35},"end":{"line":335,"column":null}},"127":{"start":{"line":336,"column":46},"end":{"line":338,"column":null}},"128":{"start":{"line":340,"column":18},"end":{"line":344,"column":null}},"129":{"start":{"line":341,"column":20},"end":{"line":341,"column":null}},"130":{"start":{"line":343,"column":20},"end":{"line":343,"column":null}},"131":{"start":{"line":351,"column":10},"end":{"line":373,"column":null}},"132":{"start":{"line":352,"column":40},"end":{"line":362,"column":null}},"133":{"start":{"line":352,"column":79},"end":{"line":362,"column":14}},"134":{"start":{"line":364,"column":48},"end":{"line":366,"column":null}},"135":{"start":{"line":368,"column":12},"end":{"line":372,"column":null}},"136":{"start":{"line":369,"column":14},"end":{"line":369,"column":null}},"137":{"start":{"line":371,"column":14},"end":{"line":371,"column":null}},"138":{"start":{"line":375,"column":10},"end":{"line":375,"column":null}},"139":{"start":{"line":380,"column":4},"end":{"line":387,"column":null}},"140":{"start":{"line":389,"column":4},"end":{"line":392,"column":null}}},"fnMap":{"0":{"name":"parseCSV","decl":{"start":{"line":5,"column":9},"end":{"line":5,"column":18}},"loc":{"start":{"line":5,"column":51},"end":{"line":77,"column":null}},"line":5},"1":{"name":"(anonymous_1)","decl":{"start":{"line":6,"column":43},"end":{"line":6,"column":51}},"loc":{"start":{"line":6,"column":51},"end":{"line":6,"column":62}},"line":6},"2":{"name":"(anonymous_2)","decl":{"start":{"line":11,"column":42},"end":{"line":11,"column":47}},"loc":{"start":{"line":11,"column":47},"end":{"line":11,"column":69}},"line":11},"3":{"name":"(anonymous_3)","decl":{"start":{"line":18,"column":43},"end":{"line":18,"column":48}},"loc":{"start":{"line":18,"column":48},"end":{"line":18,"column":56}},"line":18},"4":{"name":"(anonymous_4)","decl":{"start":{"line":20,"column":20},"end":{"line":20,"column":21}},"loc":{"start":{"line":20,"column":37},"end":{"line":22,"column":5}},"line":20},"5":{"name":"(anonymous_5)","decl":{"start":{"line":47,"column":37},"end":{"line":47,"column":38}},"loc":{"start":{"line":47,"column":49},"end":{"line":47,"column":71}},"line":47},"6":{"name":"(anonymous_6)","decl":{"start":{"line":79,"column":34},"end":{"line":79,"column":41}},"loc":{"start":{"line":79,"column":51},"end":{"line":394,"column":1}},"line":79},"7":{"name":"(anonymous_7)","decl":{"start":{"line":121,"column":38},"end":{"line":121,"column":46}},"loc":{"start":{"line":121,"column":46},"end":{"line":121,"column":66}},"line":121},"8":{"name":"(anonymous_8)","decl":{"start":{"line":260,"column":59},"end":{"line":260,"column":71}},"loc":{"start":{"line":260,"column":71},"end":{"line":268,"column":14}},"line":260},"9":{"name":"(anonymous_9)","decl":{"start":{"line":293,"column":35},"end":{"line":293,"column":42}},"loc":{"start":{"line":293,"column":42},"end":{"line":295,"column":15}},"line":293},"10":{"name":"(anonymous_10)","decl":{"start":{"line":352,"column":65},"end":{"line":352,"column":79}},"loc":{"start":{"line":352,"column":79},"end":{"line":362,"column":14}},"line":352}},"branchMap":{"0":{"loc":{"start":{"line":7,"column":2},"end":{"line":9,"column":null}},"type":"if","locations":[{"start":{"line":7,"column":2},"end":{"line":9,"column":null}},{"start":{},"end":{}}],"line":7},"1":{"loc":{"start":{"line":21,"column":20},"end":{"line":21,"column":null}},"type":"binary-expr","locations":[{"start":{"line":21,"column":20},"end":{"line":21,"column":35}},{"start":{"line":21,"column":35},"end":{"line":21,"column":null}}],"line":21},"2":{"loc":{"start":{"line":24,"column":19},"end":{"line":24,"column":null}},"type":"binary-expr","locations":[{"start":{"line":24,"column":19},"end":{"line":24,"column":34}},{"start":{"line":24,"column":34},"end":{"line":24,"column":52}},{"start":{"line":24,"column":52},"end":{"line":24,"column":null}}],"line":24},"3":{"loc":{"start":{"line":25,"column":21},"end":{"line":25,"column":null}},"type":"binary-expr","locations":[{"start":{"line":25,"column":21},"end":{"line":25,"column":38}},{"start":{"line":25,"column":38},"end":{"line":25,"column":50}},{"start":{"line":25,"column":50},"end":{"line":25,"column":null}}],"line":25},"4":{"loc":{"start":{"line":27,"column":4},"end":{"line":41,"column":null}},"type":"if","locations":[{"start":{"line":27,"column":4},"end":{"line":41,"column":null}},{"start":{},"end":{}}],"line":27},"5":{"loc":{"start":{"line":32,"column":15},"end":{"line":32,"column":null}},"type":"binary-expr","locations":[{"start":{"line":32,"column":15},"end":{"line":32,"column":36}},{"start":{"line":32,"column":36},"end":{"line":32,"column":null}}],"line":32},"6":{"loc":{"start":{"line":33,"column":18},"end":{"line":33,"column":null}},"type":"binary-expr","locations":[{"start":{"line":33,"column":18},"end":{"line":33,"column":32}},{"start":{"line":33,"column":32},"end":{"line":33,"column":null}}],"line":33},"7":{"loc":{"start":{"line":34,"column":24},"end":{"line":34,"column":null}},"type":"binary-expr","locations":[{"start":{"line":34,"column":24},"end":{"line":34,"column":44}},{"start":{"line":34,"column":44},"end":{"line":34,"column":null}}],"line":34},"8":{"loc":{"start":{"line":35,"column":21},"end":{"line":35,"column":null}},"type":"binary-expr","locations":[{"start":{"line":35,"column":21},"end":{"line":35,"column":38}},{"start":{"line":35,"column":38},"end":{"line":35,"column":null}}],"line":35},"9":{"loc":{"start":{"line":46,"column":24},"end":{"line":46,"column":null}},"type":"binary-expr","locations":[{"start":{"line":46,"column":24},"end":{"line":46,"column":44}},{"start":{"line":46,"column":44},"end":{"line":46,"column":56}},{"start":{"line":46,"column":56},"end":{"line":46,"column":null}}],"line":46},"10":{"loc":{"start":{"line":48,"column":4},"end":{"line":60,"column":null}},"type":"if","locations":[{"start":{"line":48,"column":4},"end":{"line":60,"column":null}},{"start":{},"end":{}}],"line":48},"11":{"loc":{"start":{"line":63,"column":4},"end":{"line":73,"column":null}},"type":"if","locations":[{"start":{"line":63,"column":4},"end":{"line":73,"column":null}},{"start":{},"end":{}}],"line":63},"12":{"loc":{"start":{"line":63,"column":8},"end":{"line":63,"column":32}},"type":"binary-expr","locations":[{"start":{"line":63,"column":8},"end":{"line":63,"column":20}},{"start":{"line":63,"column":20},"end":{"line":63,"column":32}}],"line":63},"13":{"loc":{"start":{"line":67,"column":16},"end":{"line":67,"column":null}},"type":"binary-expr","locations":[{"start":{"line":67,"column":16},"end":{"line":67,"column":42}},{"start":{"line":67,"column":42},"end":{"line":67,"column":null}}],"line":67},"14":{"loc":{"start":{"line":68,"column":23},"end":{"line":68,"column":null}},"type":"binary-expr","locations":[{"start":{"line":68,"column":23},"end":{"line":68,"column":44}},{"start":{"line":68,"column":44},"end":{"line":68,"column":60}},{"start":{"line":68,"column":60},"end":{"line":68,"column":null}}],"line":68},"15":{"loc":{"start":{"line":69,"column":25},"end":{"line":69,"column":null}},"type":"binary-expr","locations":[{"start":{"line":69,"column":25},"end":{"line":69,"column":48}},{"start":{"line":69,"column":48},"end":{"line":69,"column":null}}],"line":69},"16":{"loc":{"start":{"line":70,"column":35},"end":{"line":70,"column":null}},"type":"binary-expr","locations":[{"start":{"line":70,"column":35},"end":{"line":70,"column":51}},{"start":{"line":70,"column":51},"end":{"line":70,"column":84}},{"start":{"line":70,"column":84},"end":{"line":70,"column":null}}],"line":70},"17":{"loc":{"start":{"line":81,"column":24},"end":{"line":81,"column":null}},"type":"binary-expr","locations":[{"start":{"line":81,"column":24},"end":{"line":81,"column":52}},{"start":{"line":81,"column":52},"end":{"line":81,"column":null}}],"line":81},"18":{"loc":{"start":{"line":82,"column":24},"end":{"line":82,"column":null}},"type":"binary-expr","locations":[{"start":{"line":82,"column":24},"end":{"line":82,"column":57}},{"start":{"line":82,"column":57},"end":{"line":82,"column":null}}],"line":82},"19":{"loc":{"start":{"line":84,"column":4},"end":{"line":89,"column":null}},"type":"if","locations":[{"start":{"line":84,"column":4},"end":{"line":89,"column":null}},{"start":{},"end":{}}],"line":84},"20":{"loc":{"start":{"line":84,"column":8},"end":{"line":84,"column":38}},"type":"binary-expr","locations":[{"start":{"line":84,"column":8},"end":{"line":84,"column":24}},{"start":{"line":84,"column":24},"end":{"line":84,"column":38}}],"line":84},"21":{"loc":{"start":{"line":96,"column":4},"end":{"line":106,"column":null}},"type":"if","locations":[{"start":{"line":96,"column":4},"end":{"line":106,"column":null}},{"start":{},"end":{}}],"line":96},"22":{"loc":{"start":{"line":103,"column":6},"end":{"line":105,"column":null}},"type":"if","locations":[{"start":{"line":103,"column":6},"end":{"line":105,"column":null}},{"start":{},"end":{}}],"line":103},"23":{"loc":{"start":{"line":103,"column":10},"end":{"line":103,"column":74}},"type":"binary-expr","locations":[{"start":{"line":103,"column":10},"end":{"line":103,"column":25}},{"start":{"line":103,"column":25},"end":{"line":103,"column":74}}],"line":103},"24":{"loc":{"start":{"line":109,"column":24},"end":{"line":109,"column":null}},"type":"binary-expr","locations":[{"start":{"line":109,"column":24},"end":{"line":109,"column":60}},{"start":{"line":109,"column":60},"end":{"line":109,"column":null}}],"line":109},"25":{"loc":{"start":{"line":116,"column":19},"end":{"line":116,"column":null}},"type":"binary-expr","locations":[{"start":{"line":116,"column":19},"end":{"line":116,"column":46}},{"start":{"line":116,"column":46},"end":{"line":116,"column":null}}],"line":116},"26":{"loc":{"start":{"line":118,"column":4},"end":{"line":206,"column":null}},"type":"if","locations":[{"start":{"line":118,"column":4},"end":{"line":206,"column":null}},{"start":{"line":154,"column":11},"end":{"line":206,"column":null}}],"line":118},"27":{"loc":{"start":{"line":123,"column":6},"end":{"line":128,"column":null}},"type":"if","locations":[{"start":{"line":123,"column":6},"end":{"line":128,"column":null}},{"start":{},"end":{}}],"line":123},"28":{"loc":{"start":{"line":123,"column":10},"end":{"line":123,"column":39}},"type":"binary-expr","locations":[{"start":{"line":123,"column":10},"end":{"line":123,"column":23}},{"start":{"line":123,"column":23},"end":{"line":123,"column":39}}],"line":123},"29":{"loc":{"start":{"line":130,"column":17},"end":{"line":130,"column":null}},"type":"binary-expr","locations":[{"start":{"line":130,"column":17},"end":{"line":130,"column":38}},{"start":{"line":130,"column":38},"end":{"line":130,"column":null}}],"line":130},"30":{"loc":{"start":{"line":133,"column":23},"end":{"line":135,"column":null}},"type":"cond-expr","locations":[{"start":{"line":134,"column":10},"end":{"line":134,"column":null}},{"start":{"line":135,"column":10},"end":{"line":135,"column":null}}],"line":133},"31":{"loc":{"start":{"line":140,"column":23},"end":{"line":140,"column":null}},"type":"binary-expr","locations":[{"start":{"line":140,"column":23},"end":{"line":140,"column":40}},{"start":{"line":140,"column":40},"end":{"line":140,"column":null}}],"line":140},"32":{"loc":{"start":{"line":144,"column":6},"end":{"line":149,"column":null}},"type":"if","locations":[{"start":{"line":144,"column":6},"end":{"line":149,"column":null}},{"start":{"line":147,"column":13},"end":{"line":149,"column":null}}],"line":144},"33":{"loc":{"start":{"line":159,"column":6},"end":{"line":176,"column":null}},"type":"if","locations":[{"start":{"line":159,"column":6},"end":{"line":176,"column":null}},{"start":{},"end":{}}],"line":159},"34":{"loc":{"start":{"line":159,"column":10},"end":{"line":159,"column":39}},"type":"binary-expr","locations":[{"start":{"line":159,"column":10},"end":{"line":159,"column":23}},{"start":{"line":159,"column":23},"end":{"line":159,"column":39}}],"line":159},"35":{"loc":{"start":{"line":160,"column":19},"end":{"line":160,"column":null}},"type":"binary-expr","locations":[{"start":{"line":160,"column":19},"end":{"line":160,"column":37}},{"start":{"line":160,"column":37},"end":{"line":160,"column":null}}],"line":160},"36":{"loc":{"start":{"line":161,"column":25},"end":{"line":163,"column":null}},"type":"cond-expr","locations":[{"start":{"line":162,"column":12},"end":{"line":162,"column":null}},{"start":{"line":163,"column":12},"end":{"line":163,"column":null}}],"line":161},"37":{"loc":{"start":{"line":173,"column":8},"end":{"line":175,"column":null}},"type":"if","locations":[{"start":{"line":173,"column":8},"end":{"line":175,"column":null}},{"start":{},"end":{}}],"line":173},"38":{"loc":{"start":{"line":178,"column":6},"end":{"line":187,"column":null}},"type":"if","locations":[{"start":{"line":178,"column":6},"end":{"line":187,"column":null}},{"start":{"line":180,"column":6},"end":{"line":187,"column":null}}],"line":178},"39":{"loc":{"start":{"line":180,"column":6},"end":{"line":187,"column":null}},"type":"if","locations":[{"start":{"line":180,"column":6},"end":{"line":187,"column":null}},{"start":{"line":182,"column":13},"end":{"line":187,"column":null}}],"line":180},"40":{"loc":{"start":{"line":190,"column":6},"end":{"line":205,"column":null}},"type":"if","locations":[{"start":{"line":190,"column":6},"end":{"line":205,"column":null}},{"start":{},"end":{}}],"line":190},"41":{"loc":{"start":{"line":190,"column":10},"end":{"line":190,"column":50}},"type":"binary-expr","locations":[{"start":{"line":190,"column":10},"end":{"line":190,"column":23}},{"start":{"line":190,"column":23},"end":{"line":190,"column":42}},{"start":{"line":190,"column":42},"end":{"line":190,"column":50}}],"line":190},"42":{"loc":{"start":{"line":202,"column":8},"end":{"line":204,"column":null}},"type":"if","locations":[{"start":{"line":202,"column":8},"end":{"line":204,"column":null}},{"start":{},"end":{}}],"line":202},"43":{"loc":{"start":{"line":209,"column":4},"end":{"line":214,"column":null}},"type":"if","locations":[{"start":{"line":209,"column":4},"end":{"line":214,"column":null}},{"start":{},"end":{}}],"line":209},"44":{"loc":{"start":{"line":209,"column":8},"end":{"line":209,"column":61}},"type":"binary-expr","locations":[{"start":{"line":209,"column":8},"end":{"line":209,"column":37}},{"start":{"line":209,"column":37},"end":{"line":209,"column":61}}],"line":209},"45":{"loc":{"start":{"line":232,"column":10},"end":{"line":235,"column":null}},"type":"if","locations":[{"start":{"line":232,"column":10},"end":{"line":235,"column":null}},{"start":{},"end":{}}],"line":232},"46":{"loc":{"start":{"line":232,"column":14},"end":{"line":232,"column":77}},"type":"binary-expr","locations":[{"start":{"line":232,"column":14},"end":{"line":232,"column":30}},{"start":{"line":232,"column":30},"end":{"line":232,"column":53}},{"start":{"line":232,"column":53},"end":{"line":232,"column":77}}],"line":232},"47":{"loc":{"start":{"line":251,"column":10},"end":{"line":254,"column":null}},"type":"if","locations":[{"start":{"line":251,"column":10},"end":{"line":254,"column":null}},{"start":{},"end":{}}],"line":251},"48":{"loc":{"start":{"line":259,"column":10},"end":{"line":281,"column":null}},"type":"if","locations":[{"start":{"line":259,"column":10},"end":{"line":281,"column":null}},{"start":{},"end":{}}],"line":259},"49":{"loc":{"start":{"line":259,"column":14},"end":{"line":259,"column":69}},"type":"binary-expr","locations":[{"start":{"line":259,"column":14},"end":{"line":259,"column":35}},{"start":{"line":259,"column":35},"end":{"line":259,"column":69}}],"line":259},"50":{"loc":{"start":{"line":264,"column":23},"end":{"line":264,"column":null}},"type":"binary-expr","locations":[{"start":{"line":264,"column":23},"end":{"line":264,"column":42}},{"start":{"line":264,"column":42},"end":{"line":264,"column":null}}],"line":264},"51":{"loc":{"start":{"line":266,"column":33},"end":{"line":266,"column":null}},"type":"binary-expr","locations":[{"start":{"line":266,"column":33},"end":{"line":266,"column":62}},{"start":{"line":266,"column":62},"end":{"line":266,"column":null}}],"line":266},"52":{"loc":{"start":{"line":267,"column":31},"end":{"line":267,"column":null}},"type":"binary-expr","locations":[{"start":{"line":267,"column":31},"end":{"line":267,"column":58}},{"start":{"line":267,"column":58},"end":{"line":267,"column":null}}],"line":267},"53":{"loc":{"start":{"line":276,"column":12},"end":{"line":280,"column":null}},"type":"if","locations":[{"start":{"line":276,"column":12},"end":{"line":280,"column":null}},{"start":{"line":278,"column":19},"end":{"line":280,"column":null}}],"line":276},"54":{"loc":{"start":{"line":284,"column":10},"end":{"line":348,"column":null}},"type":"if","locations":[{"start":{"line":284,"column":10},"end":{"line":348,"column":null}},{"start":{},"end":{}}],"line":284},"55":{"loc":{"start":{"line":284,"column":14},"end":{"line":284,"column":77}},"type":"binary-expr","locations":[{"start":{"line":284,"column":14},"end":{"line":284,"column":39}},{"start":{"line":284,"column":39},"end":{"line":284,"column":77}}],"line":284},"56":{"loc":{"start":{"line":290,"column":12},"end":{"line":347,"column":null}},"type":"if","locations":[{"start":{"line":290,"column":12},"end":{"line":347,"column":null}},{"start":{},"end":{}}],"line":290},"57":{"loc":{"start":{"line":290,"column":16},"end":{"line":290,"column":57}},"type":"binary-expr","locations":[{"start":{"line":290,"column":16},"end":{"line":290,"column":32}},{"start":{"line":290,"column":32},"end":{"line":290,"column":57}}],"line":290},"58":{"loc":{"start":{"line":301,"column":16},"end":{"line":303,"column":null}},"type":"if","locations":[{"start":{"line":301,"column":16},"end":{"line":303,"column":null}},{"start":{},"end":{}}],"line":301},"59":{"loc":{"start":{"line":301,"column":20},"end":{"line":301,"column":65}},"type":"binary-expr","locations":[{"start":{"line":301,"column":20},"end":{"line":301,"column":33}},{"start":{"line":301,"column":33},"end":{"line":301,"column":48}},{"start":{"line":301,"column":48},"end":{"line":301,"column":65}}],"line":301},"60":{"loc":{"start":{"line":307,"column":16},"end":{"line":309,"column":null}},"type":"if","locations":[{"start":{"line":307,"column":16},"end":{"line":309,"column":null}},{"start":{},"end":{}}],"line":307},"61":{"loc":{"start":{"line":316,"column":16},"end":{"line":318,"column":null}},"type":"if","locations":[{"start":{"line":316,"column":16},"end":{"line":318,"column":null}},{"start":{},"end":{}}],"line":316},"62":{"loc":{"start":{"line":316,"column":20},"end":{"line":316,"column":67}},"type":"binary-expr","locations":[{"start":{"line":316,"column":20},"end":{"line":316,"column":45}},{"start":{"line":316,"column":45},"end":{"line":316,"column":67}}],"line":316},"63":{"loc":{"start":{"line":324,"column":33},"end":{"line":324,"column":null}},"type":"binary-expr","locations":[{"start":{"line":324,"column":33},"end":{"line":324,"column":54}},{"start":{"line":324,"column":54},"end":{"line":324,"column":null}}],"line":324},"64":{"loc":{"start":{"line":325,"column":35},"end":{"line":325,"column":null}},"type":"binary-expr","locations":[{"start":{"line":325,"column":35},"end":{"line":325,"column":58}},{"start":{"line":325,"column":58},"end":{"line":325,"column":null}}],"line":325},"65":{"loc":{"start":{"line":326,"column":45},"end":{"line":326,"column":null}},"type":"binary-expr","locations":[{"start":{"line":326,"column":45},"end":{"line":326,"column":78}},{"start":{"line":326,"column":78},"end":{"line":326,"column":null}}],"line":326},"66":{"loc":{"start":{"line":327,"column":27},"end":{"line":327,"column":null}},"type":"binary-expr","locations":[{"start":{"line":327,"column":27},"end":{"line":327,"column":42}},{"start":{"line":327,"column":42},"end":{"line":327,"column":null}}],"line":327},"67":{"loc":{"start":{"line":331,"column":14},"end":{"line":346,"column":null}},"type":"if","locations":[{"start":{"line":331,"column":14},"end":{"line":346,"column":null}},{"start":{},"end":{}}],"line":331},"68":{"loc":{"start":{"line":340,"column":18},"end":{"line":344,"column":null}},"type":"if","locations":[{"start":{"line":340,"column":18},"end":{"line":344,"column":null}},{"start":{"line":342,"column":25},"end":{"line":344,"column":null}}],"line":340},"69":{"loc":{"start":{"line":351,"column":10},"end":{"line":373,"column":null}},"type":"if","locations":[{"start":{"line":351,"column":10},"end":{"line":373,"column":null}},{"start":{},"end":{}}],"line":351},"70":{"loc":{"start":{"line":351,"column":14},"end":{"line":351,"column":75}},"type":"binary-expr","locations":[{"start":{"line":351,"column":14},"end":{"line":351,"column":38}},{"start":{"line":351,"column":38},"end":{"line":351,"column":75}}],"line":351},"71":{"loc":{"start":{"line":355,"column":19},"end":{"line":355,"column":null}},"type":"binary-expr","locations":[{"start":{"line":355,"column":19},"end":{"line":355,"column":36}},{"start":{"line":355,"column":36},"end":{"line":355,"column":null}}],"line":355},"72":{"loc":{"start":{"line":356,"column":29},"end":{"line":356,"column":null}},"type":"binary-expr","locations":[{"start":{"line":356,"column":29},"end":{"line":356,"column":56}},{"start":{"line":356,"column":56},"end":{"line":356,"column":null}}],"line":356},"73":{"loc":{"start":{"line":357,"column":27},"end":{"line":357,"column":null}},"type":"binary-expr","locations":[{"start":{"line":357,"column":27},"end":{"line":357,"column":52}},{"start":{"line":357,"column":52},"end":{"line":357,"column":null}}],"line":357},"74":{"loc":{"start":{"line":358,"column":28},"end":{"line":358,"column":null}},"type":"binary-expr","locations":[{"start":{"line":358,"column":28},"end":{"line":358,"column":54}},{"start":{"line":358,"column":54},"end":{"line":358,"column":null}}],"line":358},"75":{"loc":{"start":{"line":359,"column":23},"end":{"line":359,"column":null}},"type":"binary-expr","locations":[{"start":{"line":359,"column":23},"end":{"line":359,"column":44}},{"start":{"line":359,"column":44},"end":{"line":359,"column":null}}],"line":359},"76":{"loc":{"start":{"line":360,"column":24},"end":{"line":360,"column":null}},"type":"binary-expr","locations":[{"start":{"line":360,"column":24},"end":{"line":360,"column":46}},{"start":{"line":360,"column":46},"end":{"line":360,"column":null}}],"line":360},"77":{"loc":{"start":{"line":361,"column":28},"end":{"line":361,"column":null}},"type":"binary-expr","locations":[{"start":{"line":361,"column":28},"end":{"line":361,"column":54}},{"start":{"line":361,"column":54},"end":{"line":361,"column":null}}],"line":361},"78":{"loc":{"start":{"line":368,"column":12},"end":{"line":372,"column":null}},"type":"if","locations":[{"start":{"line":368,"column":12},"end":{"line":372,"column":null}},{"start":{"line":370,"column":19},"end":{"line":372,"column":null}}],"line":368},"79":{"loc":{"start":{"line":384,"column":19},"end":{"line":384,"column":null}},"type":"cond-expr","locations":[{"start":{"line":384,"column":36},"end":{"line":384,"column":43}},{"start":{"line":384,"column":43},"end":{"line":384,"column":null}}],"line":384}},"s":{"0":0,"1":0,"2":0,"3":0,"4":0,"5":0,"6":0,"7":0,"8":0,"9":0,"10":0,"11":0,"12":0,"13":0,"14":0,"15":0,"16":0,"17":0,"18":0,"19":0,"20":0,"21":0,"22":0,"23":0,"24":0,"25":0,"26":0,"27":0,"28":0,"29":0,"30":0,"31":0,"32":0,"33":0,"34":0,"35":0,"36":0,"37":0,"38":0,"39":0,"40":0,"41":0,"42":0,"43":0,"44":0,"45":0,"46":0,"47":0,"48":0,"49":0,"50":0,"51":0,"52":0,"53":0,"54":0,"55":0,"56":0,"57":0,"58":0,"59":0,"60":0,"61":0,"62":0,"63":0,"64":0,"65":0,"66":0,"67":0,"68":0,"69":0,"70":0,"71":0,"72":0,"73":0,"74":0,"75":0,"76":0,"77":0,"78":0,"79":0,"80":0,"81":0,"82":0,"83":0,"84":0,"85":0,"86":0,"87":0,"88":0,"89":0,"90":0,"91":0,"92":0,"93":0,"94":0,"95":0,"96":0,"97":0,"98":0,"99":0,"100":0,"101":0,"102":0,"103":0,"104":0,"105":0,"106":0,"107":0,"108":0,"109":0,"110":0,"111":0,"112":0,"113":0,"114":0,"115":0,"116":0,"117":0,"118":0,"119":0,"120":0,"121":0,"122":0,"123":0,"124":0,"125":0,"126":0,"127":0,"128":0,"129":0,"130":0,"131":0,"132":0,"133":0,"134":0,"135":0,"136":0,"137":0,"138":0,"139":0,"140":0},"f":{"0":0,"1":0,"2":0,"3":0,"4":0,"5":0,"6":0,"7":0,"8":0,"9":0,"10":0},"b":{"0":[0,0],"1":[0,0],"2":[0,0,0],"3":[0,0,0],"4":[0,0],"5":[0,0],"6":[0,0],"7":[0,0],"8":[0,0],"9":[0,0,0],"10":[0,0],"11":[0,0],"12":[0,0],"13":[0,0],"14":[0,0,0],"15":[0,0],"16":[0,0,0],"17":[0,0],"18":[0,0],"19":[0,0],"20":[0,0],"21":[0,0],"22":[0,0],"23":[0,0],"24":[0,0],"25":[0,0],"26":[0,0],"27":[0,0],"28":[0,0],"29":[0,0],"30":[0,0],"31":[0,0],"32":[0,0],"33":[0,0],"34":[0,0],"35":[0,0],"36":[0,0],"37":[0,0],"38":[0,0],"39":[0,0],"40":[0,0],"41":[0,0,0],"42":[0,0],"43":[0,0],"44":[0,0],"45":[0,0],"46":[0,0,0],"47":[0,0],"48":[0,0],"49":[0,0],"50":[0,0],"51":[0,0],"52":[0,0],"53":[0,0],"54":[0,0],"55":[0,0],"56":[0,0],"57":[0,0],"58":[0,0],"59":[0,0,0],"60":[0,0],"61":[0,0],"62":[0,0],"63":[0,0],"64":[0,0],"65":[0,0],"66":[0,0],"67":[0,0],"68":[0,0],"69":[0,0],"70":[0,0],"71":[0,0],"72":[0,0],"73":[0,0],"74":[0,0],"75":[0,0],"76":[0,0],"77":[0,0],"78":[0,0],"79":[0,0]},"meta":{"lastBranch":80,"lastFunction":11,"lastStatement":141,"seen":{"f:5:9:5:18":0,"s:6:16:6:Infinity":0,"f:6:43:6:51":1,"s:6:51:6:62":1,"b:7:2:9:Infinity:undefined:undefined:undefined:undefined":0,"s:7:2:9:Infinity":2,"s:8:4:8:Infinity":3,"s:11:18:11:Infinity":4,"f:11:42:11:47":2,"s:11:47:11:69":5,"s:15:18:15:Infinity":6,"s:17:2:74:Infinity":7,"s:17:15:17:18":8,"s:18:19:18:Infinity":9,"f:18:43:18:48":3,"s:18:48:18:56":10,"s:19:40:19:Infinity":11,"s:20:4:22:Infinity":12,"f:20:20:20:21":4,"s:21:6:21:Infinity":13,"b:21:20:21:35:21:35:21:Infinity":1,"s:24:19:24:Infinity":14,"b:24:19:24:34:24:34:24:52:24:52:24:Infinity":2,"s:25:21:25:Infinity":15,"b:25:21:25:38:25:38:25:50:25:50:25:Infinity":3,"b:27:4:41:Infinity:undefined:undefined:undefined:undefined":4,"s:27:4:41:Infinity":16,"s:28:6:40:Infinity":17,"b:32:15:32:36:32:36:32:Infinity":5,"b:33:18:33:32:33:32:33:Infinity":6,"b:34:24:34:44:34:44:34:Infinity":7,"b:35:21:35:38:35:38:35:Infinity":8,"s:43:17:43:Infinity":18,"s:46:24:46:Infinity":19,"b:46:24:46:44:46:44:46:56:46:56:46:Infinity":9,"s:47:18:47:Infinity":20,"f:47:37:47:38":5,"s:47:49:47:71":21,"b:48:4:60:Infinity:undefined:undefined:undefined:undefined":10,"s:48:4:60:Infinity":22,"s:49:6:58:Infinity":23,"s:59:6:59:Infinity":24,"b:63:4:73:Infinity:undefined:undefined:undefined:undefined":11,"s:63:4:73:Infinity":25,"b:63:8:63:20:63:20:63:32":12,"s:64:6:72:Infinity":26,"b:67:16:67:42:67:42:67:Infinity":13,"b:68:23:68:44:68:44:68:60:68:60:68:Infinity":14,"b:69:25:69:48:69:48:69:Infinity":15,"b:70:35:70:51:70:51:70:84:70:84:70:Infinity":16,"s:76:2:76:Infinity":27,"f:79:34:79:41":6,"s:80:2:393:Infinity":28,"s:81:24:81:Infinity":29,"b:81:24:81:52:81:52:81:Infinity":17,"s:82:24:82:Infinity":30,"b:82:24:82:57:82:57:82:Infinity":18,"b:84:4:89:Infinity:undefined:undefined:undefined:undefined":19,"s:84:4:89:Infinity":31,"b:84:8:84:24:84:24:84:38":20,"s:85:6:88:Infinity":32,"s:91:10:91:Infinity":33,"s:94:23:94:Infinity":34,"s:95:35:95:Infinity":35,"b:96:4:106:Infinity:undefined:undefined:undefined:undefined":21,"s:96:4:106:Infinity":36,"s:98:37:102:Infinity":37,"b:103:6:105:Infinity:undefined:undefined:undefined:undefined":22,"s:103:6:105:Infinity":38,"b:103:10:103:25:103:25:103:74":23,"s:104:8:104:Infinity":39,"s:109:24:109:Infinity":40,"b:109:24:109:60:109:60:109:Infinity":24,"s:111:40:111:Infinity":41,"s:112:34:112:Infinity":42,"s:115:18:115:Infinity":43,"s:116:19:116:Infinity":44,"b:116:19:116:46:116:46:116:Infinity":25,"b:118:4:206:Infinity:154:11:206:Infinity":26,"s:118:4:206:Infinity":45,"s:120:23:120:Infinity":46,"s:121:23:121:Infinity":47,"f:121:38:121:46":7,"s:121:46:121:66":48,"b:123:6:128:Infinity:undefined:undefined:undefined:undefined":27,"s:123:6:128:Infinity":49,"b:123:10:123:23:123:23:123:39":28,"s:124:8:127:Infinity":50,"s:130:6:130:Infinity":51,"b:130:17:130:38:130:38:130:Infinity":29,"s:133:23:135:Infinity":52,"b:134:10:134:Infinity:135:10:135:Infinity":30,"s:137:55:142:Infinity":53,"b:140:23:140:40:140:40:140:Infinity":31,"b:144:6:149:Infinity:147:13:149:Infinity":32,"s:144:6:149:Infinity":54,"s:145:8:145:Infinity":55,"s:148:8:148:Infinity":56,"s:152:22:152:Infinity":57,"s:153:6:153:Infinity":58,"s:156:19:156:Infinity":59,"b:159:6:176:Infinity:undefined:undefined:undefined:undefined":33,"s:159:6:176:Infinity":60,"b:159:10:159:23:159:23:159:39":34,"s:160:8:160:Infinity":61,"b:160:19:160:37:160:37:160:Infinity":35,"s:161:25:163:Infinity":62,"b:162:12:162:Infinity:163:12:163:Infinity":36,"s:165:27:165:Infinity":63,"s:166:57:171:Infinity":64,"b:173:8:175:Infinity:undefined:undefined:undefined:undefined":37,"s:173:8:175:Infinity":65,"s:174:10:174:Infinity":66,"b:178:6:187:Infinity:180:6:187:Infinity":38,"s:178:6:187:Infinity":67,"s:179:8:179:Infinity":68,"b:180:6:187:Infinity:182:13:187:Infinity":39,"s:180:6:187:Infinity":69,"s:181:8:181:Infinity":70,"s:183:8:186:Infinity":71,"b:190:6:205:Infinity:undefined:undefined:undefined:undefined":40,"s:190:6:205:Infinity":72,"b:190:10:190:23:190:23:190:42:190:42:190:50":41,"s:191:8:191:Infinity":73,"s:192:25:192:Infinity":74,"s:193:27:193:Infinity":75,"s:195:57:200:Infinity":76,"b:202:8:204:Infinity:undefined:undefined:undefined:undefined":42,"s:202:8:204:Infinity":77,"s:203:10:203:Infinity":78,"b:209:4:214:Infinity:undefined:undefined:undefined:undefined":43,"s:209:4:214:Infinity":79,"b:209:8:209:37:209:37:209:61":44,"s:210:6:213:Infinity":80,"s:216:20:222:Infinity":81,"s:225:22:225:Infinity":82,"s:226:4:378:Infinity":83,"s:226:17:226:20":84,"s:227:20:227:Infinity":85,"s:229:6:377:Infinity":86,"s:230:8:376:Infinity":87,"b:232:10:235:Infinity:undefined:undefined:undefined:undefined":45,"s:232:10:235:Infinity":88,"b:232:14:232:30:232:30:232:53:232:53:232:77":46,"s:233:12:233:Infinity":89,"s:234:12:234:Infinity":90,"s:238:51:249:Infinity":91,"b:251:10:254:Infinity:undefined:undefined:undefined:undefined":47,"s:251:10:254:Infinity":92,"s:252:12:252:Infinity":93,"s:253:12:253:Infinity":94,"s:256:10:256:Infinity":95,"b:259:10:281:Infinity:undefined:undefined:undefined:undefined":48,"s:259:10:281:Infinity":96,"b:259:14:259:35:259:35:259:69":49,"s:260:37:268:Infinity":97,"f:260:59:260:71":8,"s:260:71:268:14":98,"b:264:23:264:42:264:42:264:Infinity":50,"b:266:33:266:62:266:62:266:Infinity":51,"b:267:31:267:58:267:58:267:Infinity":52,"s:270:45:274:Infinity":99,"b:276:12:280:Infinity:278:19:280:Infinity":53,"s:276:12:280:Infinity":100,"s:277:14:277:Infinity":101,"s:279:14:279:Infinity":102,"b:284:10:348:Infinity:undefined:undefined:undefined:undefined":54,"s:284:10:348:Infinity":103,"b:284:14:284:39:284:39:284:77":55,"s:285:43:288:Infinity":104,"b:290:12:347:Infinity:undefined:undefined:undefined:undefined":56,"s:290:12:347:Infinity":105,"b:290:16:290:32:290:32:290:57":57,"s:292:33:292:Infinity":106,"s:293:14:295:Infinity":107,"f:293:35:293:42":9,"s:294:16:294:Infinity":108,"s:298:43:298:Infinity":109,"s:299:14:329:Infinity":110,"b:301:16:303:Infinity:undefined:undefined:undefined:undefined":58,"s:301:16:303:Infinity":111,"b:301:20:301:33:301:33:301:48:301:48:301:65":59,"s:302:18:302:Infinity":112,"s:306:36:306:Infinity":113,"b:307:16:309:Infinity:undefined:undefined:undefined:undefined":60,"s:307:16:309:Infinity":114,"s:308:18:308:Infinity":115,"s:312:32:312:Infinity":116,"s:313:36:313:Infinity":117,"s:314:16:314:Infinity":118,"b:316:16:318:Infinity:undefined:undefined:undefined:undefined":61,"s:316:16:318:Infinity":119,"b:316:20:316:45:316:45:316:67":62,"s:317:18:317:Infinity":120,"s:320:16:328:Infinity":121,"b:324:33:324:54:324:54:324:Infinity":63,"b:325:35:325:58:325:58:325:Infinity":64,"b:326:45:326:78:326:78:326:Infinity":65,"b:327:27:327:42:327:42:327:Infinity":66,"b:331:14:346:Infinity:undefined:undefined:undefined:undefined":67,"s:331:14:346:Infinity":122,"s:333:37:333:Infinity":123,"s:334:16:345:Infinity":124,"s:334:29:334:32":125,"s:335:35:335:Infinity":126,"s:336:46:338:Infinity":127,"b:340:18:344:Infinity:342:25:344:Infinity":68,"s:340:18:344:Infinity":128,"s:341:20:341:Infinity":129,"s:343:20:343:Infinity":130,"b:351:10:373:Infinity:undefined:undefined:undefined:undefined":69,"s:351:10:373:Infinity":131,"b:351:14:351:38:351:38:351:75":70,"s:352:40:362:Infinity":132,"f:352:65:352:79":10,"s:352:79:362:14":133,"b:355:19:355:36:355:36:355:Infinity":71,"b:356:29:356:56:356:56:356:Infinity":72,"b:357:27:357:52:357:52:357:Infinity":73,"b:358:28:358:54:358:54:358:Infinity":74,"b:359:23:359:44:359:44:359:Infinity":75,"b:360:24:360:46:360:46:360:Infinity":76,"b:361:28:361:54:361:54:361:Infinity":77,"s:364:48:366:Infinity":134,"b:368:12:372:Infinity:370:19:372:Infinity":78,"s:368:12:372:Infinity":135,"s:369:14:369:Infinity":136,"s:371:14:371:Infinity":137,"s:375:10:375:Infinity":138,"s:380:4:387:Infinity":139,"b:384:36:384:43:384:43:384:Infinity":79,"s:389:4:392:Infinity":140}}}
,"/Users/elvisibarra/Documents/GauntletAI/spendsense/server/api/personas.post.ts": {"path":"/Users/elvisibarra/Documents/GauntletAI/spendsense/server/api/personas.post.ts","statementMap":{"0":{"start":{"line":5,"column":2},"end":{"line":95,"column":null}},"1":{"start":{"line":6,"column":17},"end":{"line":6,"column":null}},"2":{"start":{"line":7,"column":19},"end":{"line":7,"column":null}},"3":{"start":{"line":9,"column":4},"end":{"line":14,"column":null}},"4":{"start":{"line":10,"column":6},"end":{"line":13,"column":null}},"5":{"start":{"line":16,"column":24},"end":{"line":16,"column":null}},"6":{"start":{"line":17,"column":24},"end":{"line":17,"column":null}},"7":{"start":{"line":18,"column":10},"end":{"line":18,"column":null}},"8":{"start":{"line":21,"column":30},"end":{"line":25,"column":null}},"9":{"start":{"line":27,"column":4},"end":{"line":32,"column":null}},"10":{"start":{"line":28,"column":6},"end":{"line":31,"column":null}},"11":{"start":{"line":35,"column":30},"end":{"line":38,"column":null}},"12":{"start":{"line":41,"column":31},"end":{"line":44,"column":null}},"13":{"start":{"line":46,"column":34},"end":{"line":49,"column":null}},"14":{"start":{"line":52,"column":23},"end":{"line":52,"column":null}},"15":{"start":{"line":52,"column":44},"end":{"line":52,"column":50}},"16":{"start":{"line":53,"column":35},"end":{"line":57,"column":null}},"17":{"start":{"line":60,"column":10},"end":{"line":60,"column":null}},"18":{"start":{"line":63,"column":36},"end":{"line":71,"column":null}},"19":{"start":{"line":73,"column":4},"end":{"line":73,"column":null}},"20":{"start":{"line":73,"column":22},"end":{"line":73,"column":null}},"21":{"start":{"line":76,"column":4},"end":{"line":87,"column":null}},"22":{"start":{"line":84,"column":42},"end":{"line":84,"column":55}},"23":{"start":{"line":89,"column":4},"end":{"line":89,"column":null}},"24":{"start":{"line":91,"column":4},"end":{"line":94,"column":null}}},"fnMap":{"0":{"name":"(anonymous_0)","decl":{"start":{"line":4,"column":34},"end":{"line":4,"column":41}},"loc":{"start":{"line":4,"column":51},"end":{"line":96,"column":1}},"line":4},"1":{"name":"(anonymous_1)","decl":{"start":{"line":52,"column":37},"end":{"line":52,"column":44}},"loc":{"start":{"line":52,"column":44},"end":{"line":52,"column":50}},"line":52},"2":{"name":"(anonymous_2)","decl":{"start":{"line":84,"column":37},"end":{"line":84,"column":42}},"loc":{"start":{"line":84,"column":42},"end":{"line":84,"column":55}},"line":84}},"branchMap":{"0":{"loc":{"start":{"line":9,"column":4},"end":{"line":14,"column":null}},"type":"if","locations":[{"start":{"line":9,"column":4},"end":{"line":14,"column":null}},{"start":{},"end":{}}],"line":9},"1":{"loc":{"start":{"line":16,"column":24},"end":{"line":16,"column":null}},"type":"binary-expr","locations":[{"start":{"line":16,"column":24},"end":{"line":16,"column":52}},{"start":{"line":16,"column":52},"end":{"line":16,"column":null}}],"line":16},"2":{"loc":{"start":{"line":17,"column":24},"end":{"line":17,"column":null}},"type":"binary-expr","locations":[{"start":{"line":17,"column":24},"end":{"line":17,"column":57}},{"start":{"line":17,"column":57},"end":{"line":17,"column":null}}],"line":17},"3":{"loc":{"start":{"line":27,"column":4},"end":{"line":32,"column":null}},"type":"if","locations":[{"start":{"line":27,"column":4},"end":{"line":32,"column":null}},{"start":{},"end":{}}],"line":27},"4":{"loc":{"start":{"line":27,"column":8},"end":{"line":27,"column":45}},"type":"binary-expr","locations":[{"start":{"line":27,"column":8},"end":{"line":27,"column":20}},{"start":{"line":27,"column":20},"end":{"line":27,"column":45}}],"line":27},"5":{"loc":{"start":{"line":52,"column":23},"end":{"line":52,"column":null}},"type":"binary-expr","locations":[{"start":{"line":52,"column":23},"end":{"line":52,"column":55}},{"start":{"line":52,"column":55},"end":{"line":52,"column":null}}],"line":52},"6":{"loc":{"start":{"line":60,"column":34},"end":{"line":60,"column":49}},"type":"binary-expr","locations":[{"start":{"line":60,"column":34},"end":{"line":60,"column":45}},{"start":{"line":60,"column":45},"end":{"line":60,"column":49}}],"line":60},"7":{"loc":{"start":{"line":60,"column":49},"end":{"line":60,"column":65}},"type":"binary-expr","locations":[{"start":{"line":60,"column":49},"end":{"line":60,"column":61}},{"start":{"line":60,"column":61},"end":{"line":60,"column":65}}],"line":60},"8":{"loc":{"start":{"line":60,"column":65},"end":{"line":60,"column":84}},"type":"binary-expr","locations":[{"start":{"line":60,"column":65},"end":{"line":60,"column":80}},{"start":{"line":60,"column":80},"end":{"line":60,"column":84}}],"line":60},"9":{"loc":{"start":{"line":60,"column":84},"end":{"line":60,"column":102}},"type":"binary-expr","locations":[{"start":{"line":60,"column":84},"end":{"line":60,"column":100}},{"start":{"line":60,"column":100},"end":{"line":60,"column":102}}],"line":60},"10":{"loc":{"start":{"line":73,"column":4},"end":{"line":73,"column":null}},"type":"if","locations":[{"start":{"line":73,"column":4},"end":{"line":73,"column":null}},{"start":{},"end":{}}],"line":73},"11":{"loc":{"start":{"line":84,"column":24},"end":{"line":84,"column":null}},"type":"binary-expr","locations":[{"start":{"line":84,"column":24},"end":{"line":84,"column":60}},{"start":{"line":84,"column":60},"end":{"line":84,"column":null}}],"line":84},"12":{"loc":{"start":{"line":92,"column":18},"end":{"line":92,"column":null}},"type":"binary-expr","locations":[{"start":{"line":92,"column":18},"end":{"line":92,"column":38}},{"start":{"line":92,"column":38},"end":{"line":92,"column":null}}],"line":92}},"s":{"0":0,"1":0,"2":0,"3":0,"4":0,"5":0,"6":0,"7":0,"8":0,"9":0,"10":0,"11":0,"12":0,"13":0,"14":0,"15":0,"16":0,"17":0,"18":0,"19":0,"20":0,"21":0,"22":0,"23":0,"24":0},"f":{"0":0,"1":0,"2":0},"b":{"0":[0,0],"1":[0,0],"2":[0,0],"3":[0,0],"4":[0,0],"5":[0,0],"6":[0,0],"7":[0,0],"8":[0,0],"9":[0,0],"10":[0,0],"11":[0,0],"12":[0,0]},"meta":{"lastBranch":13,"lastFunction":3,"lastStatement":25,"seen":{"f:4:34:4:41":0,"s:5:2:95:Infinity":0,"s:6:17:6:Infinity":1,"s:7:19:7:Infinity":2,"b:9:4:14:Infinity:undefined:undefined:undefined:undefined":0,"s:9:4:14:Infinity":3,"s:10:6:13:Infinity":4,"s:16:24:16:Infinity":5,"b:16:24:16:52:16:52:16:Infinity":1,"s:17:24:17:Infinity":6,"b:17:24:17:57:17:57:17:Infinity":2,"s:18:10:18:Infinity":7,"s:21:30:25:Infinity":8,"b:27:4:32:Infinity:undefined:undefined:undefined:undefined":3,"s:27:4:32:Infinity":9,"b:27:8:27:20:27:20:27:45":4,"s:28:6:31:Infinity":10,"s:35:30:38:Infinity":11,"s:41:31:44:Infinity":12,"s:46:34:49:Infinity":13,"s:52:23:52:Infinity":14,"b:52:23:52:55:52:55:52:Infinity":5,"f:52:37:52:44":1,"s:52:44:52:50":15,"s:53:35:57:Infinity":16,"s:60:10:60:Infinity":17,"b:60:34:60:45:60:45:60:49":6,"b:60:49:60:61:60:61:60:65":7,"b:60:65:60:80:60:80:60:84":8,"b:60:84:60:100:60:100:60:102":9,"s:63:36:71:Infinity":18,"b:73:4:73:Infinity:undefined:undefined:undefined:undefined":10,"s:73:4:73:Infinity":19,"s:73:22:73:Infinity":20,"s:76:4:87:Infinity":21,"b:84:24:84:60:84:60:84:Infinity":11,"f:84:37:84:42":2,"s:84:42:84:55":22,"s:89:4:89:Infinity":23,"s:91:4:94:Infinity":24,"b:92:18:92:38:92:38:92:Infinity":12}}}
,"/Users/elvisibarra/Documents/GauntletAI/spendsense/server/api/recommendations.get.ts": {"path":"/Users/elvisibarra/Documents/GauntletAI/spendsense/server/api/recommendations.get.ts","statementMap":{"0":{"start":{"line":5,"column":2},"end":{"line":99,"column":null}},"1":{"start":{"line":6,"column":18},"end":{"line":6,"column":null}},"2":{"start":{"line":7,"column":19},"end":{"line":7,"column":null}},"3":{"start":{"line":9,"column":4},"end":{"line":14,"column":null}},"4":{"start":{"line":10,"column":6},"end":{"line":13,"column":null}},"5":{"start":{"line":16,"column":24},"end":{"line":16,"column":null}},"6":{"start":{"line":17,"column":24},"end":{"line":17,"column":null}},"7":{"start":{"line":18,"column":10},"end":{"line":18,"column":null}},"8":{"start":{"line":21,"column":30},"end":{"line":25,"column":null}},"9":{"start":{"line":27,"column":4},"end":{"line":32,"column":null}},"10":{"start":{"line":28,"column":6},"end":{"line":31,"column":null}},"11":{"start":{"line":35,"column":30},"end":{"line":39,"column":null}},"12":{"start":{"line":41,"column":4},"end":{"line":46,"column":null}},"13":{"start":{"line":42,"column":6},"end":{"line":45,"column":null}},"14":{"start":{"line":49,"column":30},"end":{"line":52,"column":null}},"15":{"start":{"line":55,"column":31},"end":{"line":58,"column":null}},"16":{"start":{"line":61,"column":30},"end":{"line":65,"column":null}},"17":{"start":{"line":68,"column":28},"end":{"line":73,"column":null}},"18":{"start":{"line":76,"column":36},"end":{"line":76,"column":null}},"19":{"start":{"line":79,"column":4},"end":{"line":88,"column":null}},"20":{"start":{"line":80,"column":6},"end":{"line":87,"column":null}},"21":{"start":{"line":90,"column":4},"end":{"line":93,"column":null}},"22":{"start":{"line":91,"column":59},"end":{"line":91,"column":81}},"23":{"start":{"line":92,"column":50},"end":{"line":92,"column":68}},"24":{"start":{"line":95,"column":4},"end":{"line":98,"column":null}},"25":{"start":{"line":108,"column":109},"end":{"line":108,"column":null}},"26":{"start":{"line":111,"column":27},"end":{"line":111,"column":null}},"27":{"start":{"line":111,"column":47},"end":{"line":111,"column":69}},"28":{"start":{"line":112,"column":2},"end":{"line":119,"column":null}},"29":{"start":{"line":113,"column":22},"end":{"line":113,"column":null}},"30":{"start":{"line":114,"column":4},"end":{"line":118,"column":null}},"31":{"start":{"line":122,"column":17},"end":{"line":122,"column":null}},"32":{"start":{"line":123,"column":2},"end":{"line":123,"column":null}},"33":{"start":{"line":125,"column":2},"end":{"line":125,"column":null}},"34":{"start":{"line":129,"column":21},"end":{"line":129,"column":null}},"35":{"start":{"line":129,"column":39},"end":{"line":129,"column":95}},"36":{"start":{"line":131,"column":17},"end":{"line":131,"column":null}},"37":{"start":{"line":132,"column":2},"end":{"line":146,"column":null}},"38":{"start":{"line":133,"column":4},"end":{"line":145,"column":null}},"39":{"start":{"line":135,"column":8},"end":{"line":135,"column":null}},"40":{"start":{"line":136,"column":8},"end":{"line":136,"column":null}},"41":{"start":{"line":138,"column":8},"end":{"line":138,"column":null}},"42":{"start":{"line":139,"column":8},"end":{"line":139,"column":null}},"43":{"start":{"line":141,"column":8},"end":{"line":141,"column":null}},"44":{"start":{"line":142,"column":8},"end":{"line":142,"column":null}},"45":{"start":{"line":144,"column":8},"end":{"line":144,"column":null}},"46":{"start":{"line":148,"column":2},"end":{"line":148,"column":null}},"47":{"start":{"line":152,"column":78},"end":{"line":152,"column":null}},"48":{"start":{"line":154,"column":2},"end":{"line":209,"column":null}},"49":{"start":{"line":157,"column":31},"end":{"line":157,"column":null}},"50":{"start":{"line":157,"column":49},"end":{"line":157,"column":92}},"51":{"start":{"line":158,"column":8},"end":{"line":172,"column":null}},"52":{"start":{"line":159,"column":30},"end":{"line":159,"column":null}},"53":{"start":{"line":160,"column":33},"end":{"line":160,"column":null}},"54":{"start":{"line":161,"column":36},"end":{"line":161,"column":null}},"55":{"start":{"line":163,"column":10},"end":{"line":171,"column":null}},"56":{"start":{"line":174,"column":6},"end":{"line":174,"column":null}},"57":{"start":{"line":178,"column":26},"end":{"line":178,"column":null}},"58":{"start":{"line":178,"column":44},"end":{"line":178,"column":77}},"59":{"start":{"line":179,"column":8},"end":{"line":189,"column":null}},"60":{"start":{"line":180,"column":10},"end":{"line":188,"column":null}},"61":{"start":{"line":191,"column":6},"end":{"line":191,"column":null}},"62":{"start":{"line":195,"column":34},"end":{"line":195,"column":null}},"63":{"start":{"line":195,"column":55},"end":{"line":195,"column":80}},"64":{"start":{"line":196,"column":8},"end":{"line":206,"column":null}},"65":{"start":{"line":197,"column":10},"end":{"line":205,"column":null}},"66":{"start":{"line":208,"column":6},"end":{"line":208,"column":null}},"67":{"start":{"line":211,"column":2},"end":{"line":211,"column":null}},"68":{"start":{"line":219,"column":28},"end":{"line":219,"column":null}},"69":{"start":{"line":219,"column":49},"end":{"line":219,"column":74}},"70":{"start":{"line":221,"column":17},"end":{"line":226,"column":null}},"71":{"start":{"line":222,"column":4},"end":{"line":224,"column":null}},"72":{"start":{"line":223,"column":6},"end":{"line":223,"column":null}},"73":{"start":{"line":225,"column":4},"end":{"line":225,"column":null}},"74":{"start":{"line":229,"column":2},"end":{"line":256,"column":null}},"75":{"start":{"line":230,"column":20},"end":{"line":230,"column":null}},"76":{"start":{"line":233,"column":10},"end":{"line":233,"column":null}},"77":{"start":{"line":235,"column":4},"end":{"line":245,"column":null}},"78":{"start":{"line":237,"column":6},"end":{"line":237,"column":null}},"79":{"start":{"line":240,"column":6},"end":{"line":244,"column":null}},"80":{"start":{"line":248,"column":4},"end":{"line":250,"column":null}},"81":{"start":{"line":249,"column":6},"end":{"line":249,"column":null}},"82":{"start":{"line":252,"column":4},"end":{"line":255,"column":null}},"83":{"start":{"line":258,"column":2},"end":{"line":258,"column":null}}},"fnMap":{"0":{"name":"(anonymous_0)","decl":{"start":{"line":4,"column":34},"end":{"line":4,"column":41}},"loc":{"start":{"line":4,"column":51},"end":{"line":100,"column":1}},"line":4},"1":{"name":"(anonymous_1)","decl":{"start":{"line":91,"column":54},"end":{"line":91,"column":59}},"loc":{"start":{"line":91,"column":59},"end":{"line":91,"column":81}},"line":91},"2":{"name":"(anonymous_2)","decl":{"start":{"line":92,"column":45},"end":{"line":92,"column":50}},"loc":{"start":{"line":92,"column":50},"end":{"line":92,"column":68}},"line":92},"3":{"name":"generateRecommendations","decl":{"start":{"line":102,"column":9},"end":{"line":102,"column":null}},"loc":{"start":{"line":107,"column":85},"end":{"line":126,"column":null}},"line":107},"4":{"name":"(anonymous_4)","decl":{"start":{"line":111,"column":42},"end":{"line":111,"column":47}},"loc":{"start":{"line":111,"column":47},"end":{"line":111,"column":69}},"line":111},"5":{"name":"generateRationale","decl":{"start":{"line":128,"column":9},"end":{"line":128,"column":27}},"loc":{"start":{"line":128,"column":79},"end":{"line":149,"column":null}},"line":128},"6":{"name":"(anonymous_6)","decl":{"start":{"line":129,"column":34},"end":{"line":129,"column":39}},"loc":{"start":{"line":129,"column":39},"end":{"line":129,"column":95}},"line":129},"7":{"name":"generateOffers","decl":{"start":{"line":151,"column":9},"end":{"line":151,"column":24}},"loc":{"start":{"line":151,"column":132},"end":{"line":212,"column":null}},"line":151},"8":{"name":"(anonymous_8)","decl":{"start":{"line":157,"column":44},"end":{"line":157,"column":49}},"loc":{"start":{"line":157,"column":49},"end":{"line":157,"column":92}},"line":157},"9":{"name":"(anonymous_9)","decl":{"start":{"line":178,"column":39},"end":{"line":178,"column":44}},"loc":{"start":{"line":178,"column":44},"end":{"line":178,"column":77}},"line":178},"10":{"name":"(anonymous_10)","decl":{"start":{"line":195,"column":48},"end":{"line":195,"column":55}},"loc":{"start":{"line":195,"column":55},"end":{"line":195,"column":80}},"line":195},"11":{"name":"applyGuardrails","decl":{"start":{"line":214,"column":9},"end":{"line":214,"column":null}},"loc":{"start":{"line":217,"column":85},"end":{"line":259,"column":null}},"line":217},"12":{"name":"(anonymous_12)","decl":{"start":{"line":219,"column":42},"end":{"line":219,"column":49}},"loc":{"start":{"line":219,"column":49},"end":{"line":219,"column":74}},"line":219},"13":{"name":"(anonymous_13)","decl":{"start":{"line":221,"column":40},"end":{"line":221,"column":47}},"loc":{"start":{"line":221,"column":47},"end":{"line":226,"column":3}},"line":221},"14":{"name":"(anonymous_14)","decl":{"start":{"line":229,"column":26},"end":{"line":229,"column":33}},"loc":{"start":{"line":229,"column":33},"end":{"line":256,"column":3}},"line":229}},"branchMap":{"0":{"loc":{"start":{"line":9,"column":4},"end":{"line":14,"column":null}},"type":"if","locations":[{"start":{"line":9,"column":4},"end":{"line":14,"column":null}},{"start":{},"end":{}}],"line":9},"1":{"loc":{"start":{"line":16,"column":24},"end":{"line":16,"column":null}},"type":"binary-expr","locations":[{"start":{"line":16,"column":24},"end":{"line":16,"column":52}},{"start":{"line":16,"column":52},"end":{"line":16,"column":null}}],"line":16},"2":{"loc":{"start":{"line":17,"column":24},"end":{"line":17,"column":null}},"type":"binary-expr","locations":[{"start":{"line":17,"column":24},"end":{"line":17,"column":57}},{"start":{"line":17,"column":57},"end":{"line":17,"column":null}}],"line":17},"3":{"loc":{"start":{"line":27,"column":4},"end":{"line":32,"column":null}},"type":"if","locations":[{"start":{"line":27,"column":4},"end":{"line":32,"column":null}},{"start":{},"end":{}}],"line":27},"4":{"loc":{"start":{"line":27,"column":8},"end":{"line":27,"column":45}},"type":"binary-expr","locations":[{"start":{"line":27,"column":8},"end":{"line":27,"column":20}},{"start":{"line":27,"column":20},"end":{"line":27,"column":45}}],"line":27},"5":{"loc":{"start":{"line":41,"column":4},"end":{"line":46,"column":null}},"type":"if","locations":[{"start":{"line":41,"column":4},"end":{"line":46,"column":null}},{"start":{},"end":{}}],"line":41},"6":{"loc":{"start":{"line":70,"column":6},"end":{"line":70,"column":null}},"type":"binary-expr","locations":[{"start":{"line":70,"column":6},"end":{"line":70,"column":17}},{"start":{"line":70,"column":17},"end":{"line":70,"column":null}}],"line":70},"7":{"loc":{"start":{"line":71,"column":6},"end":{"line":71,"column":null}},"type":"binary-expr","locations":[{"start":{"line":71,"column":6},"end":{"line":71,"column":18}},{"start":{"line":71,"column":18},"end":{"line":71,"column":null}}],"line":71},"8":{"loc":{"start":{"line":72,"column":6},"end":{"line":72,"column":null}},"type":"binary-expr","locations":[{"start":{"line":72,"column":6},"end":{"line":72,"column":17}},{"start":{"line":72,"column":17},"end":{"line":72,"column":null}}],"line":72},"9":{"loc":{"start":{"line":76,"column":69},"end":{"line":76,"column":83}},"type":"binary-expr","locations":[{"start":{"line":76,"column":69},"end":{"line":76,"column":81}},{"start":{"line":76,"column":81},"end":{"line":76,"column":83}}],"line":76},"10":{"loc":{"start":{"line":84,"column":22},"end":{"line":84,"column":null}},"type":"binary-expr","locations":[{"start":{"line":84,"column":22},"end":{"line":84,"column":40}},{"start":{"line":84,"column":40},"end":{"line":84,"column":null}}],"line":84},"11":{"loc":{"start":{"line":85,"column":22},"end":{"line":85,"column":null}},"type":"binary-expr","locations":[{"start":{"line":85,"column":22},"end":{"line":85,"column":40}},{"start":{"line":85,"column":40},"end":{"line":85,"column":null}}],"line":85},"12":{"loc":{"start":{"line":96,"column":18},"end":{"line":96,"column":null}},"type":"binary-expr","locations":[{"start":{"line":96,"column":18},"end":{"line":96,"column":38}},{"start":{"line":96,"column":38},"end":{"line":96,"column":null}}],"line":96},"13":{"loc":{"start":{"line":129,"column":21},"end":{"line":129,"column":null}},"type":"binary-expr","locations":[{"start":{"line":129,"column":21},"end":{"line":129,"column":100}},{"start":{"line":129,"column":100},"end":{"line":129,"column":null}}],"line":129},"14":{"loc":{"start":{"line":132,"column":2},"end":{"line":146,"column":null}},"type":"if","locations":[{"start":{"line":132,"column":2},"end":{"line":146,"column":null}},{"start":{},"end":{}}],"line":132},"15":{"loc":{"start":{"line":133,"column":4},"end":{"line":145,"column":null}},"type":"switch","locations":[{"start":{"line":134,"column":6},"end":{"line":136,"column":null}},{"start":{"line":137,"column":6},"end":{"line":139,"column":null}},{"start":{"line":140,"column":6},"end":{"line":142,"column":null}},{"start":{"line":143,"column":6},"end":{"line":144,"column":null}}],"line":133},"16":{"loc":{"start":{"line":154,"column":2},"end":{"line":209,"column":null}},"type":"switch","locations":[{"start":{"line":155,"column":4},"end":{"line":174,"column":null}},{"start":{"line":176,"column":4},"end":{"line":191,"column":null}},{"start":{"line":193,"column":4},"end":{"line":208,"column":null}}],"line":154},"17":{"loc":{"start":{"line":158,"column":8},"end":{"line":172,"column":null}},"type":"if","locations":[{"start":{"line":158,"column":8},"end":{"line":172,"column":null}},{"start":{},"end":{}}],"line":158},"18":{"loc":{"start":{"line":179,"column":8},"end":{"line":189,"column":null}},"type":"if","locations":[{"start":{"line":179,"column":8},"end":{"line":189,"column":null}},{"start":{},"end":{}}],"line":179},"19":{"loc":{"start":{"line":196,"column":8},"end":{"line":206,"column":null}},"type":"if","locations":[{"start":{"line":196,"column":8},"end":{"line":206,"column":null}},{"start":{},"end":{}}],"line":196},"20":{"loc":{"start":{"line":222,"column":4},"end":{"line":224,"column":null}},"type":"if","locations":[{"start":{"line":222,"column":4},"end":{"line":224,"column":null}},{"start":{},"end":{}}],"line":222},"21":{"loc":{"start":{"line":222,"column":8},"end":{"line":222,"column":100}},"type":"binary-expr","locations":[{"start":{"line":222,"column":8},"end":{"line":222,"column":32}},{"start":{"line":222,"column":32},"end":{"line":222,"column":81}},{"start":{"line":222,"column":81},"end":{"line":222,"column":100}}],"line":222},"22":{"loc":{"start":{"line":235,"column":4},"end":{"line":245,"column":null}},"type":"if","locations":[{"start":{"line":235,"column":4},"end":{"line":245,"column":null}},{"start":{},"end":{}}],"line":235},"23":{"loc":{"start":{"line":248,"column":4},"end":{"line":250,"column":null}},"type":"if","locations":[{"start":{"line":248,"column":4},"end":{"line":250,"column":null}},{"start":{},"end":{}}],"line":248}},"s":{"0":0,"1":0,"2":0,"3":0,"4":0,"5":0,"6":0,"7":0,"8":0,"9":0,"10":0,"11":0,"12":0,"13":0,"14":0,"15":0,"16":0,"17":0,"18":0,"19":0,"20":0,"21":0,"22":0,"23":0,"24":0,"25":0,"26":0,"27":0,"28":0,"29":0,"30":0,"31":0,"32":0,"33":0,"34":0,"35":0,"36":0,"37":0,"38":0,"39":0,"40":0,"41":0,"42":0,"43":0,"44":0,"45":0,"46":0,"47":0,"48":0,"49":0,"50":0,"51":0,"52":0,"53":0,"54":0,"55":0,"56":0,"57":0,"58":0,"59":0,"60":0,"61":0,"62":0,"63":0,"64":0,"65":0,"66":0,"67":0,"68":0,"69":0,"70":0,"71":0,"72":0,"73":0,"74":0,"75":0,"76":0,"77":0,"78":0,"79":0,"80":0,"81":0,"82":0,"83":0},"f":{"0":0,"1":0,"2":0,"3":0,"4":0,"5":0,"6":0,"7":0,"8":0,"9":0,"10":0,"11":0,"12":0,"13":0,"14":0},"b":{"0":[0,0],"1":[0,0],"2":[0,0],"3":[0,0],"4":[0,0],"5":[0,0],"6":[0,0],"7":[0,0],"8":[0,0],"9":[0,0],"10":[0,0],"11":[0,0],"12":[0,0],"13":[0,0],"14":[0,0],"15":[0,0,0,0],"16":[0,0,0],"17":[0,0],"18":[0,0],"19":[0,0],"20":[0,0],"21":[0,0,0],"22":[0,0],"23":[0,0]},"meta":{"lastBranch":24,"lastFunction":15,"lastStatement":84,"seen":{"f:4:34:4:41":0,"s:5:2:99:Infinity":0,"s:6:18:6:Infinity":1,"s:7:19:7:Infinity":2,"b:9:4:14:Infinity:undefined:undefined:undefined:undefined":0,"s:9:4:14:Infinity":3,"s:10:6:13:Infinity":4,"s:16:24:16:Infinity":5,"b:16:24:16:52:16:52:16:Infinity":1,"s:17:24:17:Infinity":6,"b:17:24:17:57:17:57:17:Infinity":2,"s:18:10:18:Infinity":7,"s:21:30:25:Infinity":8,"b:27:4:32:Infinity:undefined:undefined:undefined:undefined":3,"s:27:4:32:Infinity":9,"b:27:8:27:20:27:20:27:45":4,"s:28:6:31:Infinity":10,"s:35:30:39:Infinity":11,"b:41:4:46:Infinity:undefined:undefined:undefined:undefined":5,"s:41:4:46:Infinity":12,"s:42:6:45:Infinity":13,"s:49:30:52:Infinity":14,"s:55:31:58:Infinity":15,"s:61:30:65:Infinity":16,"s:68:28:73:Infinity":17,"b:70:6:70:17:70:17:70:Infinity":6,"b:71:6:71:18:71:18:71:Infinity":7,"b:72:6:72:17:72:17:72:Infinity":8,"s:76:36:76:Infinity":18,"b:76:69:76:81:76:81:76:83":9,"s:79:4:88:Infinity":19,"s:80:6:87:Infinity":20,"b:84:22:84:40:84:40:84:Infinity":10,"b:85:22:85:40:85:40:85:Infinity":11,"s:90:4:93:Infinity":21,"f:91:54:91:59":1,"s:91:59:91:81":22,"f:92:45:92:50":2,"s:92:50:92:68":23,"s:95:4:98:Infinity":24,"b:96:18:96:38:96:38:96:Infinity":12,"f:102:9:102:Infinity":3,"s:108:109:108:Infinity":25,"s:111:27:111:Infinity":26,"f:111:42:111:47":4,"s:111:47:111:69":27,"s:112:2:119:Infinity":28,"s:113:22:113:Infinity":29,"s:114:4:118:Infinity":30,"s:122:17:122:Infinity":31,"s:123:2:123:Infinity":32,"s:125:2:125:Infinity":33,"f:128:9:128:27":5,"s:129:21:129:Infinity":34,"b:129:21:129:100:129:100:129:Infinity":13,"f:129:34:129:39":6,"s:129:39:129:95":35,"s:131:17:131:Infinity":36,
[...]
"end":{"line":237,"column":13}},"loc":{"start":{"line":237,"column":24},"end":{"line":237,"column":50}},"line":237},"27":{"name":"(anonymous_27)","decl":{"start":{"line":238,"column":44},"end":{"line":238,"column":45}},"loc":{"start":{"line":238,"column":56},"end":{"line":238,"column":72}},"line":238}},"branchMap":{"0":{"loc":{"start":{"line":49,"column":4},"end":{"line":53,"column":null}},"type":"if","locations":[{"start":{"line":49,"column":4},"end":{"line":53,"column":null}},{"start":{},"end":{}}],"line":49},"1":{"loc":{"start":{"line":49,"column":8},"end":{"line":49,"column":45}},"type":"binary-expr","locations":[{"start":{"line":49,"column":8},"end":{"line":49,"column":29}},{"start":{"line":49,"column":29},"end":{"line":49,"column":45}}],"line":49},"2":{"loc":{"start":{"line":51,"column":36},"end":{"line":51,"column":73}},"type":"binary-expr","locations":[{"start":{"line":51,"column":36},"end":{"line":51,"column":68}},{"start":{"line":51,"column":68},"end":{"line":51,"column":73}}],"line":51},"3":{"loc":{"start":{"line":52,"column":37},"end":{"line":52,"column":75}},"type":"binary-expr","locations":[{"start":{"line":52,"column":37},"end":{"line":52,"column":70}},{"start":{"line":52,"column":70},"end":{"line":52,"column":75}}],"line":52},"4":{"loc":{"start":{"line":63,"column":4},"end":{"line":66,"column":null}},"type":"if","locations":[{"start":{"line":63,"column":4},"end":{"line":66,"column":null}},{"start":{},"end":{}}],"line":63},"5":{"loc":{"start":{"line":64,"column":28},"end":{"line":64,"column":66}},"type":"binary-expr","locations":[{"start":{"line":64,"column":28},"end":{"line":64,"column":61}},{"start":{"line":64,"column":61},"end":{"line":64,"column":66}}],"line":64},"6":{"loc":{"start":{"line":69,"column":2},"end":{"line":82,"column":null}},"type":"if","locations":[{"start":{"line":69,"column":2},"end":{"line":82,"column":null}},{"start":{},"end":{}}],"line":69},"7":{"loc":{"start":{"line":71,"column":30},"end":{"line":71,"column":null}},"type":"cond-expr","locations":[{"start":{"line":71,"column":48},"end":{"line":71,"column":96}},{"start":{"line":71,"column":96},"end":{"line":71,"column":null}}],"line":71},"8":{"loc":{"start":{"line":92,"column":2},"end":{"line":92,"column":null}},"type":"if","locations":[{"start":{"line":92,"column":2},"end":{"line":92,"column":null}},{"start":{},"end":{}}],"line":92},"9":{"loc":{"start":{"line":95,"column":20},"end":{"line":95,"column":null}},"type":"binary-expr","locations":[{"start":{"line":95,"column":20},"end":{"line":95,"column":45}},{"start":{"line":95,"column":45},"end":{"line":95,"column":null}}],"line":95},"10":{"loc":{"start":{"line":103,"column":29},"end":{"line":105,"column":null}},"type":"cond-expr","locations":[{"start":{"line":104,"column":6},"end":{"line":104,"column":null}},{"start":{"line":105,"column":6},"end":{"line":105,"column":null}}],"line":103},"11":{"loc":{"start":{"line":107,"column":28},"end":{"line":107,"column":null}},"type":"cond-expr","locations":[{"start":{"line":107,"column":53},"end":{"line":107,"column":89}},{"start":{"line":107,"column":89},"end":{"line":107,"column":null}}],"line":107},"12":{"loc":{"start":{"line":112,"column":4},"end":{"line":112,"column":null}},"type":"binary-expr","locations":[{"start":{"line":112,"column":4},"end":{"line":112,"column":42}},{"start":{"line":112,"column":42},"end":{"line":112,"column":null}}],"line":112},"13":{"loc":{"start":{"line":123,"column":19},"end":{"line":123,"column":null}},"type":"cond-expr","locations":[{"start":{"line":123,"column":35},"end":{"line":123,"column":48}},{"start":{"line":123,"column":48},"end":{"line":123,"column":null}}],"line":123},"14":{"loc":{"start":{"line":138,"column":18},"end":{"line":138,"column":null}},"type":"binary-expr","locations":[{"start":{"line":138,"column":18},"end":{"line":138,"column":45}},{"start":{"line":138,"column":45},"end":{"line":138,"column":null}}],"line":138},"15":{"loc":{"start":{"line":139,"column":20},"end":{"line":139,"column":null}},"type":"binary-expr","locations":[{"start":{"line":139,"column":20},"end":{"line":139,"column":49}},{"start":{"line":139,"column":49},"end":{"line":139,"column":null}}],"line":139},"16":{"loc":{"start":{"line":141,"column":4},"end":{"line":166,"column":null}},"type":"if","locations":[{"start":{"line":141,"column":4},"end":{"line":166,"column":null}},{"start":{},"end":{}}],"line":141},"17":{"loc":{"start":{"line":144,"column":6},"end":{"line":165,"column":null}},"type":"if","locations":[{"start":{"line":144,"column":6},"end":{"line":165,"column":null}},{"start":{"line":155,"column":6},"end":{"line":165,"column":null}}],"line":144},"18":{"loc":{"start":{"line":152,"column":18},"end":{"line":152,"column":null}},"type":"cond-expr","locations":[{"start":{"line":152,"column":38},"end":{"line":152,"column":51}},{"start":{"line":152,"column":51},"end":{"line":152,"column":null}}],"line":152},"19":{"loc":{"start":{"line":152,"column":51},"end":{"line":152,"column":null}},"type":"cond-expr","locations":[{"start":{"line":152,"column":71},"end":{"line":152,"column":80}},{"start":{"line":152,"column":80},"end":{"line":152,"column":null}}],"line":152},"20":{"loc":{"start":{"line":155,"column":6},"end":{"line":165,"column":null}},"type":"if","locations":[{"start":{"line":155,"column":6},"end":{"line":165,"column":null}},{"start":{},"end":{}}],"line":155},"21":{"loc":{"start":{"line":171,"column":4},"end":{"line":193,"column":null}},"type":"if","locations":[{"start":{"line":171,"column":4},"end":{"line":193,"column":null}},{"start":{},"end":{}}],"line":171},"22":{"loc":{"start":{"line":172,"column":6},"end":{"line":181,"column":null}},"type":"if","locations":[{"start":{"line":172,"column":6},"end":{"line":181,"column":null}},{"start":{},"end":{}}],"line":172},"23":{"loc":{"start":{"line":183,"column":6},"end":{"line":192,"column":null}},"type":"if","locations":[{"start":{"line":183,"column":6},"end":{"line":192,"column":null}},{"start":{},"end":{}}],"line":183},"24":{"loc":{"start":{"line":183,"column":10},"end":{"line":183,"column":66}},"type":"binary-expr","locations":[{"start":{"line":183,"column":10},"end":{"line":183,"column":37}},{"start":{"line":183,"column":37},"end":{"line":183,"column":66}}],"line":183},"25":{"loc":{"start":{"line":205,"column":4},"end":{"line":207,"column":null}},"type":"binary-expr","locations":[{"start":{"line":205,"column":4},"end":{"line":205,"column":22}},{"start":{"line":205,"column":22},"end":{"line":207,"column":null}}],"line":205},"26":{"loc":{"start":{"line":210,"column":2},"end":{"line":210,"column":null}},"type":"if","locations":[{"start":{"line":210,"column":2},"end":{"line":210,"column":null}},{"start":{},"end":{}}],"line":210},"27":{"loc":{"start":{"line":218,"column":32},"end":{"line":218,"column":null}},"type":"cond-expr","locations":[{"start":{"line":218,"column":49},"end":{"line":218,"column":82}},{"start":{"line":218,"column":82},"end":{"line":218,"column":null}}],"line":218},"28":{"loc":{"start":{"line":226,"column":2},"end":{"line":232,"column":null}},"type":"if","locations":[{"start":{"line":226,"column":2},"end":{"line":232,"column":null}},{"start":{},"end":{}}],"line":226},"29":{"loc":{"start":{"line":250,"column":27},"end":{"line":250,"column":null}},"type":"cond-expr","locations":[{"start":{"line":250,"column":49},"end":{"line":250,"column":63}},{"start":{"line":250,"column":63},"end":{"line":250,"column":null}}],"line":250},"30":{"loc":{"start":{"line":250,"column":63},"end":{"line":250,"column":null}},"type":"cond-expr","locations":[{"start":{"line":250,"column":85},"end":{"line":250,"column":97}},{"start":{"line":250,"column":97},"end":{"line":250,"column":null}}],"line":250}},"s":{"0":5,"1":5,"2":5,"3":73,"4":72,"5":72,"6":72,"7":5,"8":5,"9":73,"10":73,"11":5,"12":13,"13":13,"14":13,"15":5,"16":3,"17":11,"18":3,"19":3,"20":2,"21":7,"22":9,"23":7,"24":1,"25":6,"26":6,"27":6,"28":6,"29":15,"30":9,"31":6,"32":9,"33":7,"34":7,"35":7,"36":15,"37":7,"38":4,"39":7,"40":10,"41":10,"42":9,"43":10,"44":8,"45":8,"46":8,"47":7,"48":7,"49":5,"50":2,"51":1,"52":10,"53":2,"54":2,"55":1,"56":2,"57":1,"58":10,"59":10,"60":10,"61":22,"62":26,"63":10,"64":1,"65":9,"66":19,"67":10,"68":9,"69":19,"70":9,"71":9,"72":9,"73":9,"74":10,"75":19,"76":10,"77":10,"78":10,"79":7,"80":7,"81":7,"82":10,"83":7,"84":10,"85":9,"86":21,"87":2,"88":9,"89":19,"90":9,"91":9},"f":{"0":5,"1":73,"2":73,"3":73,"4":13,"5":11,"6":7,"7":9,"8":6,"9":15,"10":9,"11":9,"12":15,"13":4,"14":10,"15":9,"16":10,"17":22,"18":26,"19":19,"20":10,"21":19,"22":19,"23":10,"24":10,"25":21,"26":2,"27":19},"b":{"0":[72,1],"1":[73,72],"2":[72,13],"3":[72,13],"4":[13,0],"5":[13,0],"6":[3,2],"7":[3,0],"8":[1,6],"9":[6,0],"10":[4,2],"11":[4,2],"12":[15,13],"13":[4,2],"14":[8,1],"15":[8,1],"16":[7,1],"17":[5,2],"18":[1,4],"19":[4,0],"20":[1,1],"21":[2,0],"22":[1,1],"23":[1,1],"24":[2,1],"25":[22,20],"26":[1,9],"27":[9,0],"28":[7,3],"29":[7,2],"30":[2,0]},"meta":{"lastBranch":31,"lastFunction":28,"lastStatement":92,"seen":{"f:43:16:43:36":0,"s:44:25:44:Infinity":0,"s:45:26:45:Infinity":1,"s:48:2:54:Infinity":2,"f:48:23:48:30":1,"b:49:4:53:Infinity:undefined:undefined:undefined:undefined":0,"s:49:4:53:Infinity":3,"b:49:8:49:29:49:29:49:45":1,"s:50:23:50:Infinity":4,"s:51:6:51:Infinity":5,"b:51:36:51:68:51:68:51:73":2,"s:52:6:52:Infinity":6,"b:52:37:52:70:52:70:52:75":3,"s:57:95:57:Infinity":7,"s:58:21:60:Infinity":8,"f:59:12:59:17":2,"s:59:17:59:29":9,"f:60:12:60:13":3,"s:60:24:60:50":10,"s:62:2:67:Infinity":11,"f:62:25:62:26":4,"b:63:4:66:Infinity:undefined:undefined:undefined:undefined":4,"s:63:4:66:Infinity":12,"s:64:12:64:Infinity":13,"b:64:28:64:61:64:61:64:66":5,"s:65:6:65:Infinity":14,"b:69:2:82:Infinity:undefined:undefined:undefined:undefined":6,"s:69:2:82:Infinity":15,"s:70:38:70:Infinity":16,"f:70:64:70:65":5,"s:70:76:70:98":17,"s:71:30:71:Infinity":18,"b:71:48:71:96:71:96:71:Infinity":7,"s:73:4:81:Infinity":19,"s:84:2:84:Infinity":20,"f:90:16:90:30":6,"s:91:26:91:Infinity":21,"f:91:42:91:49":7,"s:91:49:91:74":22,"b:92:2:92:Infinity:undefined:undefined:undefined:undefined":8,"s:92:2:92:Infinity":23,"s:92:36:92:Infinity":24,"s:94:23:97:Infinity":25,"f:94:46:94:47":8,"s:95:20:95:Infinity":26,"b:95:20:95:45:95:45:95:Infinity":9,"s:96:4:96:Infinity":27,"s:100:19:102:Infinity":28,"f:101:12:101:17":9,"s:101:17:101:29":29,"f:102:9:102:14":10,"s:102:14:102:32":30,"s:103:29:105:Infinity":31,"b:104:6:104:Infinity:105:6:105:Infinity":10,"f:104:22:104:23":11,"s:104:34:104:43":32,"s:107:28:107:Infinity":33,"b:107:53:107:89:107:89:107:Infinity":11,"s:110:8:110:Infinity":34,"s:111:29:113:Infinity":35,"f:111:49:111:Infinity":12,"s:112:4:112:Infinity":36,"b:112:4:112:42:112:42:112:Infinity":12,"s:114:20:114:Infinity":37,"f:114:46:114:47":13,"s:114:58:114:74":38,"s:116:2:125:Infinity":39,"b:123:35:123:48:123:48:123:Infinity":13,"f:131:16:131:29":14,"s:132:28:132:Infinity":40,"s:135:25:135:Infinity":41,"f:135:41:135:48":15,"s:135:48:135:69":42,"s:137:2:167:Infinity":43,"s:138:18:138:Infinity":44,"b:138:18:138:45:138:45:138:Infinity":14,"s:139:20:139:Infinity":45,"b:139:20:139:49:139:49:139:Infinity":15,"b:141:4:166:Infinity:undefined:undefined:undefined:undefined":16,"s:141:4:166:Infinity":46,"s:142:27:142:Infinity":47,"b:144:6:165:Infinity:155:6:165:Infinity":17,"s:144:6:165:Infinity":48,"s:145:8:154:Infinity":49,"b:152:38:152:51:152:51:152:Infinity":18,"b:152:71:152:80:152:80:152:Infinity":19,"b:155:6:165:Infinity:undefined:undefined:undefined:undefined":20,"s:155:6:165:Infinity":50,"s:156:8:164:Infinity":51,"s:170:2:194:Infinity":52,"b:171:4:193:Infinity:undefined:undefined:undefined:undefined":21,"s:171:4:193:Infinity":53,"b:172:6:181:Infinity:undefined:undefined:undefined:undefined":22,"s:172:6:181:Infinity":54,"s:173:8:180:Infinity":55,"b:183:6:192:Infinity:undefined:undefined:undefined:undefined":23,"s:183:6:192:Infinity":56,"b:183:10:183:37:183:37:183:66":24,"s:184:8:191:Infinity":57,"s:196:2:196:Infinity":58,"f:202:16:202:29":16,"s:203:26:203:Infinity":59,"s:204:30:208:Infinity":60,"f:204:50:204:Infinity":17,"s:205:4:207:Infinity":61,"b:205:4:205:22:205:22:207:Infinity":25,"f:205:43:205:Infinity":18,"s:206:6:206:Infinity":62,"b:210:2:210:Infinity:undefined:undefined:undefined:undefined":26,"s:210:2:210:Infinity":63,"s:210:40:210:Infinity":64,"s:213:18:213:Infinity":65,"f:213:42:213:47":19,"s:213:47:213:55":66,"f:213:62:213:63":20,"s:213:72:213:77":67,"s:214:20:214:Infinity":68,"f:214:35:214:36":21,"s:214:47:214:56":69,"s:215:20:215:Infinity":70,"s:216:20:216:Infinity":71,"s:217:22:217:Infinity":72,"s:218:32:218:Infinity":73,"b:218:49:218:82:218:82:218:Infinity":27,"s:221:16:223:Infinity":74,"f:222:9:222:14":22,"s:222:14:222:30":75,"f:223:10:223:11":23,"s:223:20:223:45":76,"s:225:23:225:Infinity":77,"b:226:2:232:Infinity:undefined:undefined:undefined:undefined":28,"s:226:2:232:Infinity":78,"s:227:34:227:Infinity":79,"s:228:4:230:Infinity":80,"s:228:17:228:20":81,"s:229:6:229:Infinity":82,"s:231:4:231:Infinity":83,"f:231:40:231:41":24,"s:231:52:231:61":84,"s:235:19:237:Infinity":85,"f:236:12:236:17":25,"s:236:17:236:29":86,"f:237:12:237:13":26,"s:237:24:237:50":87,"s:238:17:238:Infinity":88,"f:238:44:238:45":27,"s:238:56:238:72":89,"s:239:25:239:Infinity":90,"s:241:2:254:Infinity":91,"b:250:49:250:63:250:63:250:Infinity":29,"b:250:85:250:97:250:97:250:Infinity":30}}}
,"/Users/elvisibarra/Documents/GauntletAI/spendsense/utils/toneValidation.ts": {"path":"/Users/elvisibarra/Documents/GauntletAI/spendsense/utils/toneValidation.ts","statementMap":{"0":{"start":{"line":17,"column":25},"end":{"line":38,"column":null}},"1":{"start":{"line":43,"column":27},"end":{"line":54,"column":null}},"2":{"start":{"line":59,"column":25},"end":{"line":77,"column":null}},"3":{"start":{"line":82,"column":48},"end":{"line":103,"column":null}},"4":{"start":{"line":109,"column":27},"end":{"line":109,"column":null}},"5":{"start":{"line":110,"column":22},"end":{"line":110,"column":null}},"6":{"start":{"line":113,"column":34},"end":{"line":113,"column":null}},"7":{"start":{"line":114,"column":2},"end":{"line":120,"column":null}},"8":{"start":{"line":115,"column":18},"end":{"line":115,"column":null}},"9":{"start":{"line":116,"column":4},"end":{"line":119,"column":null}},"10":{"start":{"line":117,"column":6},"end":{"line":117,"column":null}},"11":{"start":{"line":118,"column":6},"end":{"line":118,"column":null}},"12":{"start":{"line":123,"column":2},"end":{"line":128,"column":null}},"13":{"start":{"line":124,"column":18},"end":{"line":124,"column":null}},"14":{"start":{"line":125,"column":4},"end":{"line":127,"column":null}},"15":{"start":{"line":126,"column":6},"end":{"line":126,"column":null}},"16":{"start":{"line":131,"column":2},"end":{"line":135,"column":null}},"17":{"start":{"line":132,"column":4},"end":{"line":134,"column":null}},"18":{"start":{"line":133,"column":6},"end":{"line":133,"column":null}},"19":{"start":{"line":138,"column":2},"end":{"line":190,"column":null}},"20":{"start":{"line":140,"column":4},"end":{"line":143,"column":null}},"21":{"start":{"line":141,"column":20},"end":{"line":141,"column":null}},"22":{"start":{"line":142,"column":6},"end":{"line":142,"column":null}},"23":{"start":{"line":146,"column":4},"end":{"line":149,"column":null}},"24":{"start":{"line":150,"column":4},"end":{"line":153,"column":null}},"25":{"start":{"line":154,"column":4},"end":{"line":157,"column":null}},"26":{"start":{"line":158,"column":4},"end":{"line":161,"column":null}},"27":{"start":{"line":162,"column":4},"end":{"line":165,"column":null}},"28":{"start":{"line":166,"column":4},"end":{"line":169,"column":null}},"29":{"start":{"line":170,"column":4},"end":{"line":173,"column":null}},"30":{"start":{"line":174,"column":4},"end":{"line":177,"column":null}},"31":{"start":{"line":178,"column":4},"end":{"line":181,"column":null}},"32":{"start":{"line":184,"column":4},"end":{"line":189,"column":null}},"33":{"start":{"line":185,"column":6},"end":{"line":188,"column":null}},"34":{"start":{"line":187,"column":8},"end":{"line":187,"column":null}},"35":{"start":{"line":192,"column":2},"end":{"line":196,"column":null}},"36":{"start":{"line":203,"column":2},"end":{"line":203,"column":null}},"37":{"start":{"line":203,"column":27},"end":{"line":203,"column":45}},"38":{"start":{"line":210,"column":17},"end":{"line":210,"column":null}},"39":{"start":{"line":211,"column":2},"end":{"line":211,"column":null}}},"fnMap":{"0":{"name":"validateTone","decl":{"start":{"line":108,"column":16},"end":{"line":108,"column":29}},"loc":{"start":{"line":108,"column":65},"end":{"line":197,"column":null}},"line":108},"1":{"name":"(anonymous_1)","decl":{"start":{"line":185,"column":53},"end":{"line":185,"column":54}},"loc":{"start":{"line":185,"column":64},"end":{"line":188,"column":7}},"line":185},"2":{"name":"validateTones","decl":{"start":{"line":202,"column":16},"end":{"line":202,"column":30}},"loc":{"start":{"line":202,"column":71},"end":{"line":204,"column":null}},"line":202},"3":{"name":"(anonymous_3)","decl":{"start":{"line":203,"column":19},"end":{"line":203,"column":27}},"loc":{"start":{"line":203,"column":27},"end":{"line":203,"column":45}},"line":203},"4":{"name":"hasToneIssues","decl":{"start":{"line":209,"column":16},"end":{"line":209,"column":30}},"loc":{"start":{"line":209,"column":53},"end":{"line":212,"column":null}},"line":209}},"branchMap":{"0":{"loc":{"start":{"line":116,"column":4},"end":{"line":119,"column":null}},"type":"if","locations":[{"start":{"line":116,"column":4},"end":{"line":119,"column":null}},{"start":{},"end":{}}],"line":116},"1":{"loc":{"start":{"line":125,"column":4},"end":{"line":127,"column":null}},"type":"if","locations":[{"start":{"line":125,"column":4},"end":{"line":127,"column":null}},{"start":{},"end":{}}],"line":125},"2":{"loc":{"start":{"line":132,"column":4},"end":{"line":134,"column":null}},"type":"if","locations":[{"start":{"line":132,"column":4},"end":{"line":134,"column":null}},{"start":{},"end":{}}],"line":132},"3":{"loc":{"start":{"line":138,"column":2},"end":{"line":190,"column":null}},"type":"if","locations":[{"start":{"line":138,"column":2},"end":{"line":190,"column":null}},{"start":{},"end":{}}],"line":138}},"s":{"0":1,"1":1,"2":1,"3":1,"4":23,"5":23,"6":23,"7":23,"8":460,"9":460,"10":18,"11":18,"12":23,"13":230,"14":230,"15":5,"16":23,"17":138,"18":5,"19":23,"20":17,"21":340,"22":340,"23":17,"24":17,"25":17,"26":17,"27":17,"28":17,"29":17,"30":17,"31":17,"32":17,"33":102,"34":0,"35":23,"36":1,"37":3,"38":3,"39":3},"f":{"0":23,"1":0,"2":1,"3":3,"4":3},"b":{"0":[18,442],"1":[5,225],"2":[5,133],"3":[17,6]},"meta":{"lastBranch":4,"lastFunction":5,"lastStatement":40,"seen":{"s:17:25:38:Infinity":0,"s:43:27:54:Infinity":1,"s:59:25:77:Infinity":2,"s:82:48:103:Infinity":3,"f:108:16:108:29":0,"s:109:27:109:Infinity":4,"s:110:22:110:Infinity":5,"s:113:34:113:Infinity":6,"s:114:2:120:Infinity":7,"s:115:18:115:Infinity":8,"b:116:4:119:Infinity:undefined:undefined:undefined:undefined":0,"s:116:4:119:Infinity":9,"s:117:6:117:Infinity":10,"s:118:6:118:Infinity":11,"s:123:2:128:Infinity":12,"s:124:18:124:Infinity":13,"b:125:4:127:Infinity:undefined:undefined:undefined:undefined":1,"s:125:4:127:Infinity":14,"s:126:6:126:Infinity":15,"s:131:2:135:Infinity":16,"b:132:4:134:Infinity:undefined:undefined:undefined:undefined":2,"s:132:4:134:Infinity":17,"s:133:6:133:Infinity":18,"b:138:2:190:Infinity:undefined:undefined:undefined:undefined":3,"s:138:2:190:Infinity":19,"s:140:4:143:Infinity":20,"s:141:20:141:Infinity":21,"s:142:6:142:Infinity":22,"s:146:4:149:Infinity":23,"s:150:4:153:Infinity":24,"s:154:4:157:Infinity":25,"s:158:4:161:Infinity":26,"s:162:4:165:Infinity":27,"s:166:4:169:Infinity":28,"s:170:4:173:Infinity":29,"s:174:4:177:Infinity":30,"s:178:4:181:Infinity":31,"s:184:4:189:Infinity":32,"s:185:6:188:Infinity":33,"f:185:53:185:54":1,"s:187:8:187:Infinity":34,"s:192:2:196:Infinity":35,"f:202:16:202:30":2,"s:203:2:203:Infinity":36,"f:203:19:203:27":3,"s:203:27:203:45":37,"f:209:16:209:30":4,"s:210:17:210:Infinity":38,"s:211:2:211:Infinity":39}}}
}
