TN:
SF:composables/usePersonas.ts
FN:1,(anonymous_0)
FN:2,(anonymous_1)
FN:15,(anonymous_2)
FNF:3
FNH:0
FNDA:0,(anonymous_0)
FNDA:0,(anonymous_1)
FNDA:0,(anonymous_2)
DA:1,0
DA:2,0
DA:3,0
DA:4,0
DA:8,0
DA:10,0
DA:11,0
DA:15,0
DA:16,0
DA:19,0
DA:21,0
DA:22,0
DA:26,0
LF:13
LH:0
BRF:0
BRH:0
end_of_record
TN:
SF:composables/useRecommendations.ts
FN:1,(anonymous_0)
FN:2,(anonymous_1)
FNF:2
FNH:0
FNDA:0,(anonymous_0)
FNDA:0,(anonymous_1)
DA:1,0
DA:2,0
DA:3,0
DA:4,0
DA:8,0
DA:10,0
DA:11,0
DA:15,0
LF:8
LH:0
BRF:0
BRH:0
end_of_record
TN:
SF:composables/useSignals.ts
FN:1,(anonymous_0)
FN:2,(anonymous_1)
FNF:2
FNH:0
FNDA:0,(anonymous_0)
FNDA:0,(anonymous_1)
DA:1,0
DA:2,0
DA:3,0
DA:4,0
DA:5,0
DA:7,0
DA:8,0
DA:12,0
LF:8
LH:0
BRF:0
BRH:0
end_of_record
TN:
SF:server/api/consent.post.ts
FN:3,(anonymous_0)
FNF:1
FNH:0
FNDA:0,(anonymous_0)
DA:4,0
DA:5,0
DA:6,0
DA:7,0
DA:9,0
DA:10,0
DA:16,0
DA:17,0
DA:18,0
DA:20,0
DA:22,0
DA:33,0
DA:36,0
DA:42,0
DA:52,0
DA:55,0
DA:64,0
DA:66,0
LF:18
LH:0
BRDA:9,0,0,0
BRDA:9,0,1,0
BRDA:9,1,0,0
BRDA:9,1,1,0
BRDA:16,2,0,0
BRDA:16,2,1,0
BRDA:17,3,0,0
BRDA:17,3,1,0
BRDA:20,4,0,0
BRDA:20,4,1,0
BRDA:33,5,0,0
BRDA:33,5,1,0
BRDA:52,6,0,0
BRDA:52,6,1,0
BRF:14
BRH:0
end_of_record
TN:
SF:server/api/feedback.post.ts
FN:3,(anonymous_0)
FNF:1
FNH:0
FNDA:0,(anonymous_0)
DA:4,0
DA:5,0
DA:6,0
DA:7,0
DA:8,0
DA:10,0
DA:11,0
DA:17,0
DA:18,0
DA:19,0
DA:22,0
DA:30,0
DA:32,0
DA:34,0
LF:14
LH:0
BRDA:8,0,0,0
BRDA:8,0,1,0
BRDA:10,1,0,0
BRDA:10,1,1,0
BRDA:10,2,0,0
BRDA:10,2,1,0
BRDA:17,3,0,0
BRDA:17,3,1,0
BRDA:18,4,0,0
BRDA:18,4,1,0
BRDA:30,5,0,0
BRDA:30,5,1,0
BRF:12
BRH:0
end_of_record
TN:
SF:server/api/ingest.post.ts
FN:5,parseCSV
FN:6,(anonymous_1)
FN:11,(anonymous_2)
FN:18,(anonymous_3)
FN:20,(anonymous_4)
FN:47,(anonymous_5)
FN:79,(anonymous_6)
FN:121,(anonymous_7)
FN:260,(anonymous_8)
FN:293,(anonymous_9)
FN:352,(anonymous_10)
FNF:11
FNH:0
FNDA:0,parseCSV
FNDA:0,(anonymous_1)
FNDA:0,(anonymous_2)
FNDA:0,(anonymous_3)
FNDA:0,(anonymous_4)
FNDA:0,(anonymous_5)
FNDA:0,(anonymous_6)
FNDA:0,(anonymous_7)
FNDA:0,(anonymous_8)
FNDA:0,(anonymous_9)
FNDA:0,(anonymous_10)
DA:6,0
DA:7,0
DA:8,0
DA:11,0
DA:15,0
DA:17,0
DA:18,0
DA:19,0
DA:20,0
DA:21,0
DA:24,0
DA:25,0
DA:27,0
DA:28,0
DA:43,0
DA:46,0
DA:47,0
DA:48,0
DA:49,0
DA:59,0
DA:63,0
DA:64,0
DA:76,0
DA:80,0
DA:81,0
DA:82,0
DA:84,0
DA:85,0
DA:91,0
DA:94,0
DA:95,0
DA:96,0
DA:98,0
DA:103,0
DA:104,0
DA:109,0
DA:111,0
DA:112,0
DA:115,0
DA:116,0
DA:118,0
DA:120,0
DA:121,0
DA:123,0
DA:124,0
DA:130,0
DA:133,0
DA:137,0
DA:144,0
DA:145,0
DA:148,0
DA:152,0
DA:153,0
DA:156,0
DA:159,0
DA:160,0
DA:161,0
DA:165,0
DA:166,0
DA:173,0
DA:174,0
DA:178,0
DA:179,0
DA:180,0
DA:181,0
DA:183,0
DA:190,0
DA:191,0
DA:192,0
DA:193,0
DA:195,0
DA:202,0
DA:203,0
DA:209,0
DA:210,0
DA:216,0
DA:225,0
DA:226,0
DA:227,0
DA:229,0
DA:230,0
DA:232,0
DA:233,0
DA:234,0
DA:238,0
DA:251,0
DA:252,0
DA:253,0
DA:256,0
DA:259,0
DA:260,0
DA:270,0
DA:276,0
DA:277,0
DA:279,0
DA:284,0
DA:285,0
DA:290,0
DA:292,0
DA:293,0
DA:294,0
DA:298,0
DA:299,0
DA:301,0
DA:302,0
DA:306,0
DA:307,0
DA:308,0
DA:312,0
DA:313,0
DA:314,0
DA:316,0
DA:317,0
DA:320,0
DA:331,0
DA:333,0
DA:334,0
DA:335,0
DA:336,0
DA:340,0
DA:341,0
DA:343,0
DA:351,0
DA:352,0
DA:364,0
DA:368,0
DA:369,0
DA:371,0
DA:375,0
DA:380,0
DA:389,0
LF:131
LH:0
BRDA:7,0,0,0
BRDA:7,0,1,0
BRDA:21,1,0,0
BRDA:21,1,1,0
BRDA:24,2,0,0
BRDA:24,2,1,0
BRDA:24,2,2,0
BRDA:25,3,0,0
BRDA:25,3,1,0
BRDA:25,3,2,0
BRDA:27,4,0,0
BRDA:27,4,1,0
BRDA:32,5,0,0
BRDA:32,5,1,0
BRDA:33,6,0,0
BRDA:33,6,1,0
BRDA:34,7,0,0
BRDA:34,7,1,0
BRDA:35,8,0,0
BRDA:35,8,1,0
BRDA:46,9,0,0
BRDA:46,9,1,0
BRDA:46,9,2,0
BRDA:48,10,0,0
BRDA:48,10,1,0
BRDA:63,11,0,0
BRDA:63,11,1,0
BRDA:63,12,0,0
BRDA:63,12,1,0
BRDA:67,13,0,0
BRDA:67,13,1,0
BRDA:68,14,0,0
BRDA:68,14,1,0
BRDA:68,14,2,0
BRDA:69,15,0,0
BRDA:69,15,1,0
BRDA:70,16,0,0
BRDA:70,16,1,0
BRDA:70,16,2,0
BRDA:81,17,0,0
BRDA:81,17,1,0
BRDA:82,18,0,0
BRDA:82,18,1,0
BRDA:84,19,0,0
BRDA:84,19,1,0
BRDA:84,20,0,0
BRDA:84,20,1,0
BRDA:96,21,0,0
BRDA:96,21,1,0
BRDA:103,22,0,0
BRDA:103,22,1,0
BRDA:103,23,0,0
BRDA:103,23,1,0
BRDA:109,24,0,0
BRDA:109,24,1,0
BRDA:116,25,0,0
BRDA:116,25,1,0
BRDA:118,26,0,0
BRDA:118,26,1,0
BRDA:123,27,0,0
BRDA:123,27,1,0
BRDA:123,28,0,0
BRDA:123,28,1,0
BRDA:130,29,0,0
BRDA:130,29,1,0
BRDA:133,30,0,0
BRDA:133,30,1,0
BRDA:140,31,0,0
BRDA:140,31,1,0
BRDA:144,32,0,0
BRDA:144,32,1,0
BRDA:159,33,0,0
BRDA:159,33,1,0
BRDA:159,34,0,0
BRDA:159,34,1,0
BRDA:160,35,0,0
BRDA:160,35,1,0
BRDA:161,36,0,0
BRDA:161,36,1,0
BRDA:173,37,0,0
BRDA:173,37,1,0
BRDA:178,38,0,0
BRDA:178,38,1,0
BRDA:180,39,0,0
BRDA:180,39,1,0
BRDA:190,40,0,0
BRDA:190,40,1,0
BRDA:190,41,0,0
BRDA:190,41,1,0
BRDA:190,41,2,0
BRDA:202,42,0,0
BRDA:202,42,1,0
BRDA:209,43,0,0
BRDA:209,43,1,0
BRDA:209,44,0,0
BRDA:209,44,1,0
BRDA:232,45,0,0
BRDA:232,45,1,0
BRDA:232,46,0,0
BRDA:232,46,1,0
BRDA:232,46,2,0
BRDA:251,47,0,0
BRDA:251,47,1,0
BRDA:259,48,0,0
BRDA:259,48,1,0
BRDA:259,49,0,0
BRDA:259,49,1,0
BRDA:264,50,0,0
BRDA:264,50,1,0
BRDA:266,51,0,0
BRDA:266,51,1,0
BRDA:267,52,0,0
BRDA:267,52,1,0
BRDA:276,53,0,0
BRDA:276,53,1,0
BRDA:284,54,0,0
BRDA:284,54,1,0
BRDA:284,55,0,0
BRDA:284,55,1,0
BRDA:290,56,0,0
BRDA:290,56,1,0
BRDA:290,57,0,0
BRDA:290,57,1,0
BRDA:301,58,0,0
BRDA:301,58,1,0
BRDA:301,59,0,0
BRDA:301,59,1,0
BRDA:301,59,2,0
BRDA:307,60,0,0
BRDA:307,60,1,0
BRDA:316,61,0,0
BRDA:316,61,1,0
BRDA:316,62,0,0
BRDA:316,62,1,0
BRDA:324,63,0,0
BRDA:324,63,1,0
BRDA:325,64,0,0
BRDA:325,64,1,0
BRDA:326,65,0,0
BRDA:326,65,1,0
BRDA:327,66,0,0
BRDA:327,66,1,0
BRDA:331,67,0,0
BRDA:331,67,1,0
BRDA:340,68,0,0
BRDA:340,68,1,0
BRDA:351,69,0,0
BRDA:351,69,1,0
BRDA:351,70,0,0
BRDA:351,70,1,0
BRDA:355,71,0,0
BRDA:355,71,1,0
BRDA:356,72,0,0
BRDA:356,72,1,0
BRDA:357,73,0,0
BRDA:357,73,1,0
BRDA:358,74,0,0
BRDA:358,74,1,0
BRDA:359,75,0,0
BRDA:359,75,1,0
BRDA:360,76,0,0
BRDA:360,76,1,0
BRDA:361,77,0,0
BRDA:361,77,1,0
BRDA:368,78,0,0
BRDA:368,78,1,0
BRDA:384,79,0,0
BRDA:384,79,1,0
BRF:168
BRH:0
end_of_record
TN:
SF:server/api/personas.post.ts
FN:4,(anonymous_0)
FN:52,(anonymous_1)
FN:84,(anonymous_2)
FNF:3
FNH:0
FNDA:0,(anonymous_0)
FNDA:0,(anonymous_1)
FNDA:0,(anonymous_2)
DA:5,0
DA:6,0
DA:7,0
DA:9,0
DA:10,0
DA:16,0
DA:17,0
DA:18,0
DA:21,0
DA:27,0
DA:28,0
DA:35,0
DA:41,0
DA:46,0
DA:52,0
DA:53,0
DA:60,0
DA:63,0
DA:73,0
DA:76,0
DA:84,0
DA:89,0
DA:91,0
LF:23
LH:0
BRDA:9,0,0,0
BRDA:9,0,1,0
BRDA:16,1,0,0
BRDA:16,1,1,0
BRDA:17,2,0,0
BRDA:17,2,1,0
BRDA:27,3,0,0
BRDA:27,3,1,0
BRDA:27,4,0,0
BRDA:27,4,1,0
BRDA:52,5,0,0
BRDA:52,5,1,0
BRDA:60,6,0,0
BRDA:60,6,1,0
BRDA:60,7,0,0
BRDA:60,7,1,0
BRDA:60,8,0,0
BRDA:60,8,1,0
BRDA:60,9,0,0
BRDA:60,9,1,0
BRDA:73,10,0,0
BRDA:73,10,1,0
BRDA:84,11,0,0
BRDA:84,11,1,0
BRDA:92,12,0,0
BRDA:92,12,1,0
BRF:26
BRH:0
end_of_record
TN:
SF:server/api/recommendations.get.ts
FN:4,(anonymous_0)
FN:91,(anonymous_1)
FN:92,(anonymous_2)
FN:102,generateRecommendations
FN:111,(anonymous_4)
FN:128,generateRationale
FN:129,(anonymous_6)
FN:151,generateOffers
FN:157,(anonymous_8)
FN:178,(anonymous_9)
FN:195,(anonymous_10)
FN:214,applyGuardrails
FN:219,(anonymous_12)
FN:221,(anonymous_13)
FN:229,(anonymous_14)
FNF:15
FNH:0
FNDA:0,(anonymous_0)
FNDA:0,(anonymous_1)
FNDA:0,(anonymous_2)
FNDA:0,generateRecommendations
FNDA:0,(anonymous_4)
FNDA:0,generateRationale
FNDA:0,(anonymous_6)
FNDA:0,generateOffers
FNDA:0,(anonymous_8)
FNDA:0,(anonymous_9)
FNDA:0,(anonymous_10)
FNDA:0,applyGuardrails
FNDA:0,(anonymous_12)
FNDA:0,(anonymous_13)
FNDA:0,(anonymous_14)
DA:5,0
DA:6,0
DA:7,0
DA:9,0
DA:10,0
DA:16,0
DA:17,0
DA:18,0
DA:21,0
DA:27,0
DA:28,0
DA:35,0
DA:41,0
DA:42,0
DA:49,0
DA:55,0
DA:61,0
DA:68,0
DA:76,0
DA:79,0
DA:80,0
DA:90,0
DA:91,0
DA:92,0
DA:95,0
DA:108,0
DA:111,0
DA:112,0
DA:113,0
DA:114,0
DA:122,0
DA:123,0
DA:125,0
DA:129,0
DA:131,0
DA:132,0
DA:133,0
DA:135,0
DA:136,0
DA:138,0
DA:139,0
DA:141,0
DA:142,0
DA:144,0
DA:148,0
DA:152,0
DA:154,0
DA:157,0
DA:158,0
DA:159,0
DA:160,0
DA:161,0
DA:163,0
DA:174,0
DA:178,0
DA:179,0
DA:180,0
DA:191,0
DA:195,0
DA:196,0
DA:197,0
DA:208,0
DA:211,0
DA:219,0
DA:221,0
DA:222,0
DA:223,0
DA:225,0
DA:229,0
DA:230,0
DA:233,0
DA:235,0
DA:237,0
DA:240,0
DA:248,0
DA:249,0
DA:252,0
DA:258,0
LF:78
LH:0
BRDA:9,0,0,0
BRDA:9,0,1,0
BRDA:16,1,0,0
BRDA:16,1,1,0
BRDA:17,2,0,0
BRDA:17,2,1,0
BRDA:27,3,0,0
BRDA:27,3,1,0
BRDA:27,4,0,0
BRDA:27,4,1,0
BRDA:41,5,0,0
BRDA:41,5,1,0
BRDA:70,6,0,0
BRDA:70,6,1,0
BRDA:71,7,0,0
BRDA:71,7,1,0
BRDA:72,8,0,0
BRDA:72,8,1,0
BRDA:76,9,0,0
BRDA:76,9,1,0
BRDA:84,10,0,0
BRDA:84,10,1,0
BRDA:85,11,0,0
BRDA:85,11,1,0
BRDA:96,12,0,0
BRDA:96,12,1,0
BRDA:129,13,0,0
BRDA:129,13,1,0
BRDA:132,14,0,0
BRDA:132,14,1,0
BRDA:133,15,0,0
BRDA:133,15,1,0
BRDA:133,15,2,0
BRDA:133,15,3,0
BRDA:154,16,0,0
BRDA:154,16,1,0
BRDA:154,16,2,0
BRDA:158,17,0,0
BRDA:158,17,1,0
BRDA:179,18,0,0
BRDA:179,18,1,0
BRDA:196,19,0,0
BRDA:196,19,1,0
BRDA:222,20,0,0
BRDA:222,20,1,0
BRDA:222,21,0,0
BRDA:222,21,1,0
BRDA:222,21,2,0
BRDA:235,22,0,0
BRDA:235,22,1,0
BRDA:248,23,0,0
BRDA:248,23,1,0
BRF:52
BRH:0
end_of_record
TN:
SF:server/api/signals.get.ts
FN:5,(anonymous_0)
FN:35,(anonymous_1)
FNF:2
FNH:0
FNDA:0,(anonymous_0)
FNDA:0,(anonymous_1)
DA:6,0
DA:7,0
DA:8,0
DA:10,0
DA:11,0
DA:17,0
DA:18,0
DA:19,0
DA:21,0
DA:24,0
DA:29,0
DA:30,0
DA:31,0
DA:35,0
DA:38,0
DA:39,0
DA:46,0
DA:49,0
DA:54,0
DA:57,0
DA:58,0
DA:59,0
DA:63,0
DA:64,0
DA:65,0
DA:69,0
DA:70,0
DA:73,0
DA:74,0
DA:75,0
DA:79,0
DA:80,0
DA:91,0
DA:93,0
LF:34
LH:0
BRDA:10,0,0,0
BRDA:10,0,1,0
BRDA:17,1,0,0
BRDA:17,1,1,0
BRDA:18,2,0,0
BRDA:18,2,1,0
BRDA:29,3,0,0
BRDA:29,3,1,0
BRDA:30,4,0,0
BRDA:30,4,1,0
BRDA:30,5,0,0
BRDA:30,5,1,0
BRDA:46,6,0,0
BRDA:46,6,1,0
BRDA:54,7,0,0
BRDA:54,7,1,0
BRDA:57,8,0,0
BRDA:57,8,1,0
BRDA:58,9,0,0
BRDA:58,9,1,0
BRDA:63,10,0,0
BRDA:63,10,1,0
BRDA:64,11,0,0
BRDA:64,11,1,0
BRDA:69,12,0,0
BRDA:69,12,1,0
BRDA:73,13,0,0
BRDA:73,13,1,0
BRDA:74,14,0,0
BRDA:74,14,1,0
BRF:30
BRH:0
end_of_record
TN:
SF:server/api/operator/approve.post.ts
FN:3,(anonymous_0)
FNF:1
FNH:0
FNDA:0,(anonymous_0)
DA:4,0
DA:5,0
DA:6,0
DA:8,0
DA:9,0
DA:15,0
DA:16,0
DA:22,0
DA:23,0
DA:24,0
DA:27,0
DA:32,0
DA:35,0
DA:36,0
DA:45,0
DA:50,0
LF:16
LH:0
BRDA:8,0,0,0
BRDA:8,0,1,0
BRDA:8,1,0,0
BRDA:8,1,1,0
BRDA:8,1,2,0
BRDA:15,2,0,0
BRDA:15,2,1,0
BRDA:22,3,0,0
BRDA:22,3,1,0
BRDA:23,4,0,0
BRDA:23,4,1,0
BRDA:32,5,0,0
BRDA:32,5,1,0
BRDA:51,6,0,0
BRDA:51,6,1,0
BRF:15
BRH:0
end_of_record
TN:
SF:server/api/operator/flag-queue.get.ts
FN:3,(anonymous_0)
FN:20,(anonymous_1)
FN:33,(anonymous_2)
FN:34,(anonymous_3)
FNF:4
FNH:0
FNDA:0,(anonymous_0)
FNDA:0,(anonymous_1)
FNDA:0,(anonymous_2)
FNDA:0,(anonymous_3)
DA:4,0
DA:5,0
DA:6,0
DA:7,0
DA:10,0
DA:16,0
DA:19,0
DA:20,0
DA:23,0
DA:24,0
DA:27,0
DA:33,0
DA:34,0
DA:35,0
DA:37,0
DA:45,0
DA:50,0
LF:17
LH:0
BRDA:5,0,0,0
BRDA:5,0,1,0
BRDA:6,1,0,0
BRDA:6,1,1,0
BRDA:16,2,0,0
BRDA:16,2,1,0
BRDA:19,3,0,0
BRDA:19,3,1,0
BRDA:23,4,0,0
BRDA:23,4,1,0
BRDA:33,5,0,0
BRDA:33,5,1,0
BRDA:40,6,0,0
BRDA:40,6,1,0
BRDA:51,7,0,0
BRDA:51,7,1,0
BRF:16
BRH:0
end_of_record
TN:
SF:server/api/operator/flag.post.ts
FN:3,(anonymous_0)
FNF:1
FNH:0
FNDA:0,(anonymous_0)
DA:4,0
DA:5,0
DA:6,0
DA:8,0
DA:9,0
DA:15,0
DA:16,0
DA:22,0
DA:23,0
DA:24,0
DA:29,0
DA:31,0
DA:48,0
DA:53,0
LF:14
LH:0
BRDA:8,0,0,0
BRDA:8,0,1,0
BRDA:8,1,0,0
BRDA:8,1,1,0
BRDA:8,1,2,0
BRDA:15,2,0,0
BRDA:15,2,1,0
BRDA:22,3,0,0
BRDA:22,3,1,0
BRDA:23,4,0,0
BRDA:23,4,1,0
BRDA:38,5,0,0
BRDA:38,5,1,0
BRDA:54,6,0,0
BRDA:54,6,1,0
BRF:15
BRH:0
end_of_record
TN:
SF:server/api/operator/review.get.ts
FN:3,(anonymous_0)
FN:21,(anonymous_1)
FNF:2
FNH:0
FNDA:0,(anonymous_0)
FNDA:0,(anonymous_1)
DA:4,0
DA:5,0
DA:6,0
DA:7,0
DA:10,0
DA:15,0
DA:16,0
DA:20,0
DA:22,0
DA:28,0
DA:37,0
DA:39,0
LF:12
LH:0
BRDA:5,0,0,0
BRDA:5,0,1,0
BRDA:6,1,0,0
BRDA:6,1,1,0
BRDA:15,2,0,0
BRDA:15,2,1,0
BRDA:30,3,0,0
BRDA:30,3,1,0
BRDA:32,4,0,0
BRDA:32,4,1,0
BRF:10
BRH:0
end_of_record
TN:
SF:utils/personaAssignment.ts
FN:47,assignPersona
FN:54,(anonymous_1)
FN:55,(anonymous_2)
FN:56,(anonymous_3)
FN:57,(anonymous_4)
FN:76,(anonymous_5)
FN:77,(anonymous_6)
FN:90,(anonymous_7)
FN:119,(anonymous_8)
FN:124,(anonymous_9)
FN:127,(anonymous_10)
FNF:11
FNH:11
FNDA:33,assignPersona
FNDA:30,(anonymous_1)
FNDA:34,(anonymous_2)
FNDA:34,(anonymous_3)
FNDA:11,(anonymous_4)
FNDA:18,(anonymous_5)
FNDA:23,(anonymous_6)
FNDA:17,(anonymous_7)
FNDA:110,(anonymous_8)
FNDA:75,(anonymous_9)
FNDA:4,(anonymous_10)
DA:54,33
DA:55,34
DA:56,34
DA:57,33
DA:60,33
DA:61,33
DA:62,7
DA:63,26
DA:64,2
DA:67,33
DA:69,10
DA:76,23
DA:77,23
DA:79,23
DA:80,4
DA:81,4
DA:82,3
DA:90,20
DA:91,20
DA:92,4
DA:93,4
DA:95,4
DA:96,3
DA:104,17
DA:105,6
DA:106,6
DA:108,6
DA:109,2
DA:118,15
DA:119,4
DA:120,110
DA:122,4
DA:124,75
DA:127,4
DA:128,4
DA:129,4
DA:131,4
DA:132,2
DA:140,13
LF:39
LH:39
BRDA:61,0,0,7
BRDA:61,0,1,26
BRDA:61,1,0,33
BRDA:61,1,1,8
BRDA:61,1,2,7
BRDA:63,2,0,2
BRDA:63,2,1,24
BRDA:67,3,0,10
BRDA:67,3,1,23
BRDA:67,4,0,33
BRDA:67,4,1,27
BRDA:67,4,2,26
BRDA:67,4,3,25
BRDA:67,4,4,2
BRDA:71,5,0,1
BRDA:71,5,1,9
BRDA:71,6,0,1
BRDA:71,6,1,9
BRDA:79,7,0,4
BRDA:79,7,1,19
BRDA:79,8,0,23
BRDA:79,8,1,9
BRDA:80,9,0,4
BRDA:80,9,1,1
BRDA:81,10,0,3
BRDA:81,10,1,1
BRDA:91,11,0,4
BRDA:91,11,1,16
BRDA:95,12,0,3
BRDA:95,12,1,1
BRDA:95,13,0,4
BRDA:95,13,1,3
BRDA:95,13,2,1
BRDA:104,14,0,6
BRDA:104,14,1,11
BRDA:106,15,0,6
BRDA:106,15,1,6
BRDA:108,16,0,2
BRDA:108,16,1,4
BRDA:108,17,0,6
BRDA:108,17,1,3
BRDA:118,18,0,4
BRDA:118,18,1,11
BRDA:120,19,0,110
BRDA:120,19,1,110
BRDA:128,20,0,4
BRDA:128,20,1,0
BRDA:131,21,0,2
BRDA:131,21,1,2
BRDA:131,22,0,4
BRDA:131,22,1,3
BRF:51
BRH:50
end_of_record
TN:
SF:utils/signalDetection.ts
FN:43,detectSubscriptions
FN:48,(anonymous_1)
FN:59,(anonymous_2)
FN:60,(anonymous_3)
FN:62,(anonymous_4)
FN:70,(anonymous_5)
FN:90,detectSavings
FN:91,(anonymous_7)
FN:94,(anonymous_8)
FN:101,(anonymous_9)
FN:102,(anonymous_10)
FN:104,(anonymous_11)
FN:111,(anonymous_12)
FN:114,(anonymous_13)
FN:131,detectCredit
FN:135,(anonymous_15)
FN:202,detectIncome
FN:204,(anonymous_17)
FN:205,(anonymous_18)
FN:213,(anonymous_19)
FN:213,(anonymous_20)
FN:214,(anonymous_21)
FN:222,(anonymous_22)
FN:223,(anonymous_23)
FN:231,(anonymous_24)
FN:236,(anonymous_25)
FN:237,(anonymous_26)
FN:238,(anonymous_27)
FNF:28
FNH:28
FNDA:5,detectSubscriptions
FNDA:73,(anonymous_1)
FNDA:73,(anonymous_2)
FNDA:73,(anonymous_3)
FNDA:13,(anonymous_4)
FNDA:11,(anonymous_5)
FNDA:7,detectSavings
FNDA:9,(anonymous_7)
FNDA:6,(anonymous_8)
FNDA:15,(anonymous_9)
FNDA:9,(anonymous_10)
FNDA:9,(anonymous_11)
FNDA:15,(anonymous_12)
FNDA:4,(anonymous_13)
FNDA:10,detectCredit
FNDA:9,(anonymous_15)
FNDA:10,detectIncome
FNDA:22,(anonymous_17)
FNDA:26,(anonymous_18)
FNDA:19,(anonymous_19)
FNDA:10,(anonymous_20)
FNDA:19,(anonymous_21)
FNDA:19,(anonymous_22)
FNDA:10,(anonymous_23)
FNDA:10,(anonymous_24)
FNDA:21,(anonymous_25)
FNDA:2,(anonymous_26)
FNDA:19,(anonymous_27)
DA:44,5
DA:45,5
DA:48,5
DA:49,73
DA:50,72
DA:51,72
DA:52,72
DA:57,5
DA:58,5
DA:59,73
DA:60,73
DA:62,5
DA:63,13
DA:64,13
DA:65,13
DA:69,5
DA:70,11
DA:71,3
DA:73,3
DA:84,2
DA:91,9
DA:92,7
DA:94,6
DA:95,6
DA:96,6
DA:100,6
DA:101,15
DA:102,9
DA:103,6
DA:104,9
DA:107,7
DA:110,7
DA:111,7
DA:112,15
DA:114,7
DA:116,7
DA:132,10
DA:135,10
DA:137,10
DA:138,8
DA:139,8
DA:141,8
DA:142,7
DA:144,7
DA:145,5
DA:155,2
DA:156,1
DA:170,10
DA:171,2
DA:172,2
DA:173,1
DA:183,2
DA:184,1
DA:196,10
DA:203,10
DA:204,10
DA:205,22
DA:206,26
DA:210,10
DA:213,19
DA:214,19
DA:215,9
DA:216,9
DA:217,9
DA:218,9
DA:221,10
DA:222,19
DA:223,10
DA:225,10
DA:226,10
DA:227,7
DA:228,7
DA:229,10
DA:231,10
DA:235,9
DA:236,21
DA:237,2
DA:238,19
DA:239,9
DA:241,9
LF:80
LH:80
BRDA:49,0,0,72
BRDA:49,0,1,1
BRDA:49,1,0,73
BRDA:49,1,1,72
BRDA:51,2,0,72
BRDA:51,2,1,13
BRDA:52,3,0,72
BRDA:52,3,1,13
BRDA:63,4,0,13
BRDA:63,4,1,0
BRDA:64,5,0,13
BRDA:64,5,1,0
BRDA:69,6,0,3
BRDA:69,6,1,2
BRDA:71,7,0,3
BRDA:71,7,1,0
BRDA:92,8,0,1
BRDA:92,8,1,6
BRDA:95,9,0,6
BRDA:95,9,1,0
BRDA:103,10,0,4
BRDA:103,10,1,2
BRDA:107,11,0,4
BRDA:107,11,1,2
BRDA:112,12,0,15
BRDA:112,12,1,13
BRDA:123,13,0,4
BRDA:123,13,1,2
BRDA:138,14,0,8
BRDA:138,14,1,1
BRDA:139,15,0,8
BRDA:139,15,1,1
BRDA:141,16,0,7
BRDA:141,16,1,1
BRDA:144,17,0,5
BRDA:144,17,1,2
BRDA:152,18,0,1
BRDA:152,18,1,4
BRDA:152,19,0,4
BRDA:152,19,1,0
BRDA:155,20,0,1
BRDA:155,20,1,1
BRDA:171,21,0,2
BRDA:171,21,1,0
BRDA:172,22,0,1
BRDA:172,22,1,1
BRDA:183,23,0,1
BRDA:183,23,1,1
BRDA:183,24,0,2
BRDA:183,24,1,1
BRDA:205,25,0,22
BRDA:205,25,1,20
BRDA:210,26,0,1
BRDA:210,26,1,9
BRDA:218,27,0,9
BRDA:218,27,1,0
BRDA:226,28,0,7
BRDA:226,28,1,3
BRDA:250,29,0,7
BRDA:250,29,1,2
BRDA:250,30,0,2
BRDA:250,30,1,0
BRF:62
BRH:54
end_of_record
TN:
SF:utils/toneValidation.ts
FN:108,validateTone
FN:185,(anonymous_1)
FN:202,validateTones
FN:203,(anonymous_3)
FN:209,hasToneIssues
FNF:5
FNH:4
FNDA:23,validateTone
FNDA:0,(anonymous_1)
FNDA:1,validateTones
FNDA:3,(anonymous_3)
FNDA:3,hasToneIssues
DA:17,1
DA:43,1
DA:59,1
DA:82,1
DA:109,23
DA:110,23
DA:113,23
DA:114,23
DA:115,460
DA:116,460
DA:117,18
DA:118,18
DA:123,23
DA:124,230
DA:125,230
DA:126,5
DA:131,23
DA:132,138
DA:133,5
DA:138,23
DA:140,17
DA:141,340
DA:142,340
DA:146,17
DA:150,17
DA:154,17
DA:158,17
DA:162,17
DA:166,17
DA:170,17
DA:174,17
DA:178,17
DA:184,17
DA:185,102
DA:187,0
DA:192,23
DA:203,3
DA:210,3
DA:211,3
LF:39
LH:38
BRDA:116,0,0,18
BRDA:116,0,1,442
BRDA:125,1,0,5
BRDA:125,1,1,225
BRDA:132,2,0,5
BRDA:132,2,1,133
BRDA:138,3,0,17
BRDA:138,3,1,6
BRF:8
BRH:8
end_of_record
